Loading db file '/users/cosic/tnguyen/Documents/Synopsys/NangateOpenCellLibrary_PDKv1_3_v2010_12/Liberty/CCS/NangateOpenCellLibrary.db'
Information: Propagating switching activity (low effort zero delay simulation). (PWR-6)
Warning: Design has unannotated primary inputs. (PWR-414)
Warning: Design has unannotated sequential cell outputs. (PWR-415)
 
****************************************
Report : power
        -hier
        -analysis_effort low
Design : AES_128_shared
Version: P-2019.03
Date   : Mon Jun 22 13:31:37 2020
****************************************


Library(s) Used:

    NangateOpenCellLibrary (File: /users/cosic/tnguyen/Documents/Synopsys/NangateOpenCellLibrary_PDKv1_3_v2010_12/Liberty/CCS/NangateOpenCellLibrary.db)


Operating Conditions: typical   Library: NangateOpenCellLibrary
Wire Load Model Mode: top

Design        Wire Load Model            Library
------------------------------------------------
AES_128_shared         5K_hvratio_1_1    NangateOpenCellLibrary


Global Operating Voltage = 1.1  
Power-specific unit information :
    Voltage Units = 1V
    Capacitance Units = 1.000000ff
    Time Units = 1ns
    Dynamic Power Units = 1uW    (derived from V,C,T units)
    Leakage Power Units = 1nW


--------------------------------------------------------------------------------
                                       Switch   Int      Leak     Total
Hierarchy                              Power    Power    Power    Power    %
--------------------------------------------------------------------------------
AES_128_shared                         1.25e+03 1.15e+03 1.20e+06 3.61e+03 100.0
  mux_cipher (Mux2_Dshare_1)              0.000    0.000 1.59e+03    1.587   0.0
    mux_3 (Mux2_1share_1)                 0.000    0.000  387.558    0.388   0.0
    mux_2 (Mux2_1share_2)                 0.000    0.000  387.560    0.388   0.0
    mux_1 (Mux2_1share_3)                 0.000    0.000  406.178    0.406   0.0
    mux_0 (Mux2_1share_4)                 0.000    0.000  406.151    0.406   0.0
  mux_state (Mux2_Dshare_2)               1.020    0.879 1.56e+03    3.458   0.1
    mux_3 (Mux2_1share_5)                 0.255    0.220  389.769    0.865   0.0
    mux_2 (Mux2_1share_6)                 0.255    0.220  389.834    0.864   0.0
    mux_1 (Mux2_1share_7)                 0.256    0.221  389.684    0.866   0.0
    mux_0 (Mux2_1share_8)                 0.254    0.219  390.158    0.863   0.0
  mux_S (Mux2_Dshare_3)                   4.834    1.049 1.65e+03    7.532   0.2
    mux_3 (Mux2_1share_9)                 1.125    0.264  407.179    1.796   0.0
    mux_2 (Mux2_1share_10)                1.399    0.261  417.300    2.077   0.1
    mux_1 (Mux2_1share_11)                0.641    0.261  417.252    1.319   0.0
    mux_0 (Mux2_1share_12)                1.669    0.264  406.996    2.340   0.1
  xor_add (Xor_Dshare_1)                  0.747    0.828 1.17e+03    2.748   0.1
    xor_D_3 (Xor_1share_1)                0.187    0.207  293.708    0.688   0.0
    xor_D_2 (Xor_1share_2)                0.187    0.207  293.466    0.687   0.0
    xor_D_1 (Xor_1share_3)                0.186    0.207  292.624    0.685   0.0
    xor_D_0 (Xor_1share_4)                0.187    0.208  292.633    0.688   0.0
  mux_key (Mux2_Dshare_4)                 0.684    0.585 1.56e+03    2.831   0.1
    mux_3 (Mux2_1share_13)                0.171    0.146  390.452    0.707   0.0
    mux_2 (Mux2_1share_14)                0.173    0.148  390.420    0.711   0.0
    mux_1 (Mux2_1share_15)                0.171    0.146  390.469    0.707   0.0
    mux_0 (Mux2_1share_16)                0.170    0.145  390.448    0.705   0.0
  mux_Rkey (Mux2_Dshare_5)                0.781    0.581 1.65e+03    3.012   0.1
    mux_3 (Mux2_1share_17)                0.196    0.148  407.767    0.751   0.0
    mux_2 (Mux2_1share_18)                0.199    0.146  417.789    0.762   0.0
    mux_1 (Mux2_1share_19)                0.194    0.143  417.386    0.754   0.0
    mux_0 (Mux2_1share_20)                0.193    0.145  406.584    0.744   0.0
  mux_Rkey_xor (Mux2_Dshare_0)            0.827    0.776 1.58e+03    3.188   0.1
    mux_3 (Mux2_1share_21)                0.184    0.191  389.886    0.765   0.0
    mux_2 (Mux2_1share_22)                0.222    0.188  402.337    0.812   0.0
    mux_1 (Mux2_1share_23)                0.219    0.185  402.454    0.807   0.0
    mux_0 (Mux2_1share_0)                 0.202    0.213  389.981    0.804   0.0
  xor_Rcon (Xor_Dshare_2)                 0.217    0.669 1.13e+03    2.014   0.1
    xor_D_3 (Xor_1share_5)             5.12e-02    0.167  280.537    0.499   0.0
    xor_D_2 (Xor_1share_6)             5.16e-02    0.168  280.359    0.500   0.0
    xor_D_1 (Xor_1share_7)             5.05e-02    0.165  279.740    0.495   0.0
    xor_D_0 (Xor_1share_8)             6.41e-02    0.168  286.864    0.519   0.0
  xor_key30 (Xor_Dshare_0)                0.359    0.748 1.17e+03    2.280   0.1
    xor_D_3 (Xor_1share_9)             8.99e-02    0.187  293.809    0.571   0.0
    xor_D_2 (Xor_1share_10)            9.10e-02    0.189  293.591    0.574   0.0
    xor_D_1 (Xor_1share_11)            8.94e-02    0.187  292.620    0.569   0.0
    xor_D_0 (Xor_1share_0)             8.89e-02    0.185  292.841    0.567   0.0
  Control (Controller)                    0.879    4.177 2.85e+03    7.911   0.2
    Control_count (Control_counter)       0.409    1.529  788.778    2.727   0.1
    RC (Rconst)                           0.121    2.227 1.12e+03    3.469   0.1
  AES_Sbox (Sbox_shared)               1.18e+03  896.835 1.03e+06 3.11e+03  86.1
    pAff (affine)                         3.218    2.850 2.34e+03    8.409   0.2
    p49 (x49_shares)                    692.039  500.704 5.25e+05 1.72e+03  47.6
    p26 (x26_shares)                    477.265  384.309 5.05e+05 1.37e+03  37.9
  Key_ar (Key_array_Dshare)              19.027  105.987 6.68e+04  191.807   5.3
    key_ar_3 (Key_array_1share_1)         4.762   26.521 1.67e+04   47.954   1.3
    key_ar_2 (Key_array_1share_2)         4.792   26.599 1.67e+04   48.060   1.3
    key_ar_1 (Key_array_1share_3)         4.725   26.424 1.67e+04   47.835   1.3
    key_ar_0 (Key_array_1share_0)         4.722   26.423 1.67e+04   47.824   1.3
  State_ar (State_Array_Dshare)          45.731  140.138 8.76e+04  273.438   7.6
    state_ar_3 (State_Array_1share_1)    11.436   35.071 2.19e+04   68.387   1.9
      MixCol (MixColumns_1)               2.782    4.404 4.59e+03   11.776   0.3
        col_4 (Mixcol_function_1)         0.703    1.093 1.16e+03    2.952   0.1
        col_3 (Mixcol_function_2)         0.698    1.107 1.14e+03    2.943   0.1
        col_2 (Mixcol_function_3)         0.697    1.106 1.15e+03    2.951   0.1
        col_1 (Mixcol_function_4)         0.683    1.097 1.15e+03    2.930   0.1
    state_ar_2 (State_Array_1share_2)    11.421   35.036 2.19e+04   68.347   1.9
      MixCol (MixColumns_2)               2.798    4.422 4.59e+03   11.812   0.3
        col_4 (Mixcol_function_5)         0.706    1.096 1.16e+03    2.959   0.1
        col_3 (Mixcol_function_6)         0.702    1.110 1.14e+03    2.952   0.1
        col_2 (Mixcol_function_7)         0.701    1.111 1.15e+03    2.961   0.1
        col_1 (Mixcol_function_8)         0.688    1.104 1.15e+03    2.941   0.1
    state_ar_1 (State_Array_1share_3)    11.377   34.973 2.19e+04   68.241   1.9
      MixCol (MixColumns_3)               2.772    4.395 4.59e+03   11.756   0.3
        col_4 (Mixcol_function_9)         0.700    1.091 1.16e+03    2.946   0.1
        col_3 (Mixcol_function_10)        0.697    1.106 1.14e+03    2.940   0.1
        col_2 (Mixcol_function_11)        0.694    1.104 1.15e+03    2.944   0.1
        col_1 (Mixcol_function_12)        0.682    1.094 1.15e+03    2.925   0.1
    state_ar_0 (State_Array_1share_0)    11.424   35.047 2.19e+04   68.360   1.9
      MixCol (MixColumns_0)               2.791    4.415 4.59e+03   11.794   0.3
        col_4 (Mixcol_function_13)        0.705    1.096 1.16e+03    2.958   0.1
        col_3 (Mixcol_function_14)        0.700    1.109 1.14e+03    2.948   0.1
        col_2 (Mixcol_function_15)        0.699    1.110 1.14e+03    2.953   0.1
        col_1 (Mixcol_function_0)         0.686    1.100 1.15e+03    2.935   0.1
1
