 
****************************************
Report : resources
Design : AES_128_shared
Version: P-2019.03
Date   : Mon Jun 22 13:31:37 2020
****************************************


No resource sharing information to report.

No implementations to report

No resource sharing information to report.
 
****************************************
Design : Mux2_Dshare_1
****************************************

No implementations to report

No resource sharing information to report.
 
****************************************
Design : Mux2_1share_1
****************************************

No implementations to report

No resource sharing information to report.
 
****************************************
Design : Mux2_1share_2
****************************************

No implementations to report

No resource sharing information to report.
 
****************************************
Design : Mux2_1share_3
****************************************

No implementations to report

No resource sharing information to report.
 
****************************************
Design : Mux2_1share_4
****************************************

No implementations to report

No resource sharing information to report.
 
****************************************
Design : Mux2_Dshare_2
****************************************

No implementations to report

No resource sharing information to report.
 
****************************************
Design : Mux2_1share_5
****************************************

No implementations to report

No resource sharing information to report.
 
****************************************
Design : Mux2_1share_6
****************************************

No implementations to report

No resource sharing information to report.
 
****************************************
Design : Mux2_1share_7
****************************************

No implementations to report

No resource sharing information to report.
 
****************************************
Design : Mux2_1share_8
****************************************

No implementations to report

No resource sharing information to report.
 
****************************************
Design : Mux2_Dshare_3
****************************************

No implementations to report

No resource sharing information to report.
 
****************************************
Design : Mux2_1share_9
****************************************

No implementations to report

No resource sharing information to report.
 
****************************************
Design : Mux2_1share_10
****************************************

No implementations to report

No resource sharing information to report.
 
****************************************
Design : Mux2_1share_11
****************************************

No implementations to report

No resource sharing information to report.
 
****************************************
Design : Mux2_1share_12
****************************************

No implementations to report

No resource sharing information to report.
 
****************************************
Design : Xor_Dshare_1
****************************************

No implementations to report

No resource sharing information to report.
 
****************************************
Design : Xor_1share_1
****************************************

No implementations to report

No resource sharing information to report.
 
****************************************
Design : Xor_1share_2
****************************************

No implementations to report

No resource sharing information to report.
 
****************************************
Design : Xor_1share_3
****************************************

No implementations to report

No resource sharing information to report.
 
****************************************
Design : Xor_1share_4
****************************************

No implementations to report

No resource sharing information to report.
 
****************************************
Design : Mux2_Dshare_4
****************************************

No implementations to report

No resource sharing information to report.
 
****************************************
Design : Mux2_1share_13
****************************************

No implementations to report

No resource sharing information to report.
 
****************************************
Design : Mux2_1share_14
****************************************

No implementations to report

No resource sharing information to report.
 
****************************************
Design : Mux2_1share_15
****************************************

No implementations to report

No resource sharing information to report.
 
****************************************
Design : Mux2_1share_16
****************************************

No implementations to report

No resource sharing information to report.
 
****************************************
Design : Mux2_Dshare_5
****************************************

No implementations to report

No resource sharing information to report.
 
****************************************
Design : Mux2_1share_17
****************************************

No implementations to report

No resource sharing information to report.
 
****************************************
Design : Mux2_1share_18
****************************************

No implementations to report

No resource sharing information to report.
 
****************************************
Design : Mux2_1share_19
****************************************

No implementations to report

No resource sharing information to report.
 
****************************************
Design : Mux2_1share_20
****************************************

No implementations to report

No resource sharing information to report.
 
****************************************
Design : Mux2_Dshare_0
****************************************

No implementations to report

No resource sharing information to report.
 
****************************************
Design : Mux2_1share_21
****************************************

No implementations to report

No resource sharing information to report.
 
****************************************
Design : Mux2_1share_22
****************************************

No implementations to report

No resource sharing information to report.
 
****************************************
Design : Mux2_1share_23
****************************************

No implementations to report

No resource sharing information to report.
 
****************************************
Design : Mux2_1share_0
****************************************

No implementations to report

No resource sharing information to report.
 
****************************************
Design : Xor_Dshare_2
****************************************

No implementations to report

No resource sharing information to report.
 
****************************************
Design : Xor_1share_5
****************************************

No implementations to report

No resource sharing information to report.
 
****************************************
Design : Xor_1share_6
****************************************

No implementations to report

No resource sharing information to report.
 
****************************************
Design : Xor_1share_7
****************************************

No implementations to report

No resource sharing information to report.
 
****************************************
Design : Xor_1share_8
****************************************

No implementations to report

No resource sharing information to report.
 
****************************************
Design : Xor_Dshare_0
****************************************

No implementations to report

No resource sharing information to report.
 
****************************************
Design : Xor_1share_9
****************************************

No implementations to report

No resource sharing information to report.
 
****************************************
Design : Xor_1share_10
****************************************

No implementations to report

No resource sharing information to report.
 
****************************************
Design : Xor_1share_11
****************************************

No implementations to report

No resource sharing information to report.
 
****************************************
Design : Xor_1share_0
****************************************

No implementations to report

No resource sharing information to report.
 
****************************************
Design : Controller
****************************************

No implementations to report
 
****************************************
Design : Control_counter
****************************************
Resource Sharing Report for design Control_counter in file
        /users/cosic/tnguyen/Documents/aes128_vhdl/AES_1Sbox/AES_1Sbox_shared/Control_counter.vhd

===============================================================================
|          |              |            | Contained     |                      |
| Resource | Module       | Parameters | Resources     | Contained Operations |
===============================================================================
| r54      | DW01_inc     | width=5    |               | add_45               |
===============================================================================


No implementations to report

No resource sharing information to report.
 
****************************************
Design : Rconst
****************************************

No implementations to report

No resource sharing information to report.
 
****************************************
Design : Sbox_shared
****************************************

No implementations to report

No resource sharing information to report.
 
****************************************
Design : affine
****************************************

No implementations to report

No resource sharing information to report.
 
****************************************
Design : x49_shares
****************************************

No implementations to report

No resource sharing information to report.
 
****************************************
Design : x26_shares
****************************************

No implementations to report

No resource sharing information to report.
 
****************************************
Design : Key_array_Dshare
****************************************

No implementations to report

No resource sharing information to report.
 
****************************************
Design : Key_array_1share_1
****************************************

No implementations to report

No resource sharing information to report.
 
****************************************
Design : Key_array_1share_2
****************************************

No implementations to report

No resource sharing information to report.
 
****************************************
Design : Key_array_1share_3
****************************************

No implementations to report

No resource sharing information to report.
 
****************************************
Design : Key_array_1share_0
****************************************

No implementations to report

No resource sharing information to report.
 
****************************************
Design : State_Array_Dshare
****************************************

No implementations to report

No resource sharing information to report.
 
****************************************
Design : State_Array_1share_1
****************************************

No implementations to report

No resource sharing information to report.
 
****************************************
Design : MixColumns_1
****************************************

No implementations to report

No resource sharing information to report.
 
****************************************
Design : Mixcol_function_1
****************************************

No implementations to report

No resource sharing information to report.
 
****************************************
Design : Mixcol_function_2
****************************************

No implementations to report

No resource sharing information to report.
 
****************************************
Design : Mixcol_function_3
****************************************

No implementations to report

No resource sharing information to report.
 
****************************************
Design : Mixcol_function_4
****************************************

No implementations to report

No resource sharing information to report.
 
****************************************
Design : State_Array_1share_2
****************************************

No implementations to report

No resource sharing information to report.
 
****************************************
Design : MixColumns_2
****************************************

No implementations to report

No resource sharing information to report.
 
****************************************
Design : Mixcol_function_5
****************************************

No implementations to report

No resource sharing information to report.
 
****************************************
Design : Mixcol_function_6
****************************************

No implementations to report

No resource sharing information to report.
 
****************************************
Design : Mixcol_function_7
****************************************

No implementations to report

No resource sharing information to report.
 
****************************************
Design : Mixcol_function_8
****************************************

No implementations to report

No resource sharing information to report.
 
****************************************
Design : State_Array_1share_3
****************************************

No implementations to report

No resource sharing information to report.
 
****************************************
Design : MixColumns_3
****************************************

No implementations to report

No resource sharing information to report.
 
****************************************
Design : Mixcol_function_9
****************************************

No implementations to report

No resource sharing information to report.
 
****************************************
Design : Mixcol_function_10
****************************************

No implementations to report

No resource sharing information to report.
 
****************************************
Design : Mixcol_function_11
****************************************

No implementations to report

No resource sharing information to report.
 
****************************************
Design : Mixcol_function_12
****************************************

No implementations to report

No resource sharing information to report.
 
****************************************
Design : State_Array_1share_0
****************************************

No implementations to report

No resource sharing information to report.
 
****************************************
Design : MixColumns_0
****************************************

No implementations to report

No resource sharing information to report.
 
****************************************
Design : Mixcol_function_13
****************************************

No implementations to report

No resource sharing information to report.
 
****************************************
Design : Mixcol_function_14
****************************************

No implementations to report

No resource sharing information to report.
 
****************************************
Design : Mixcol_function_15
****************************************

No implementations to report

No resource sharing information to report.
 
****************************************
Design : Mixcol_function_0
****************************************

No implementations to report
1
