Information: Updating design information... (UID-85)
Warning: Design 'AES_128_shared' contains 1 high-fanout nets. A fanout number of 1000 will be used for delay calculations involving these nets. (TIM-134)
 
****************************************
Report : timing
        -path full
        -delay max
        -nets
        -max_paths 1
        -transition_time
Design : AES_128_shared
Version: P-2019.03
Date   : Mon Jun 22 13:31:34 2020
****************************************

 # A fanout number of 1000 was used for high fanout net computations.

Operating Conditions: typical   Library: NangateOpenCellLibrary
Wire Load Model Mode: top

  Startpoint: AES_Sbox/z26_reg_reg[1]
              (rising edge-triggered flip-flop clocked by ideal_clock1)
  Endpoint: State_ar/state_ar_1/state_regs_reg[3][3][6]
            (rising edge-triggered flip-flop clocked by ideal_clock1)
  Path Group: ideal_clock1
  Path Type: max

  Des/Clust/Port     Wire Load Model       Library
  ------------------------------------------------
  AES_128_shared     5K_hvratio_1_1        NangateOpenCellLibrary

Attributes:
    d - dont_touch
    u - dont_use
   mo - map_only
   so - size_only
    i - ideal_net or ideal_network
  inf - infeasible path

  Point                                       Fanout     Trans      Incr       Path      Attributes
  ---------------------------------------------------------------------------------------------------------
  clock ideal_clock1 (rise edge)                                    0.00       0.00
  clock network delay (ideal)                                       0.00       0.00
  AES_Sbox/z26_reg_reg[1]/CK (DFF_X1)                     0.00      0.00 #     0.00 r
  AES_Sbox/z26_reg_reg[1]/Q (DFF_X1)                      0.02      0.10       0.10 r
  AES_Sbox/z26_reg[1] (net)                     5                   0.00       0.10 r
  AES_Sbox/p49/X0_1 (x49_shares)                                    0.00       0.10 r
  AES_Sbox/p49/X0_1 (net)                                           0.00       0.10 r
  AES_Sbox/p49/U10220/ZN (NAND2_X1)                       0.06      0.10       0.20 f
  AES_Sbox/p49/n11290 (net)                    13                   0.00       0.20 f
  AES_Sbox/p49/U8952/ZN (AND2_X1)                         0.01      0.07       0.27 f
  AES_Sbox/p49/n9220 (net)                      2                   0.00       0.27 f
  AES_Sbox/p49/U6846/ZN (NOR2_X1)                         0.02      0.05       0.32 r
  AES_Sbox/p49/n322 (net)                       1                   0.00       0.32 r
  AES_Sbox/p49/U118/Z (XOR2_X1)                           0.03      0.08       0.40 r
  AES_Sbox/p49/n340 (net)                       1                   0.00       0.40 r
  AES_Sbox/p49/U10559/ZN (XNOR2_X1)                       0.03      0.07       0.47 r
  AES_Sbox/p49/n345 (net)                       1                   0.00       0.47 r
  AES_Sbox/p49/U10653/ZN (XNOR2_X1)                       0.03      0.07       0.54 r
  AES_Sbox/p49/n9210 (net)                      1                   0.00       0.54 r
  AES_Sbox/p49/U10564/ZN (XNOR2_X1)                       0.03      0.07       0.60 r
  AES_Sbox/p49/n341 (net)                       1                   0.00       0.60 r
  AES_Sbox/p49/U10560/ZN (XNOR2_X1)                       0.03      0.07       0.67 r
  AES_Sbox/p49/n346 (net)                       1                   0.00       0.67 r
  AES_Sbox/p49/U10745/ZN (XNOR2_X1)                       0.03      0.07       0.73 r
  AES_Sbox/p49/n9198 (net)                      1                   0.00       0.73 r
  AES_Sbox/p49/U10215/Z (XOR2_X1)                         0.03      0.08       0.81 r
  AES_Sbox/p49/n9193 (net)                      1                   0.00       0.81 r
  AES_Sbox/p49/U3600/ZN (XNOR2_X1)                        0.03      0.07       0.88 r
  AES_Sbox/p49/n9192 (net)                      2                   0.00       0.88 r
  AES_Sbox/p49/U18946/ZN (INV_X1)                         0.01      0.03       0.91 f
  AES_Sbox/p49/n19290 (net)                     1                   0.00       0.91 f
  AES_Sbox/p49/U18945/ZN (OAI22_X1)                       0.05      0.05       0.96 r
  AES_Sbox/p49/n9190 (net)                      2                   0.00       0.96 r
  AES_Sbox/p49/U17046/ZN (INV_X1)                         0.01      0.03       0.99 f
  AES_Sbox/p49/n19289 (net)                     1                   0.00       0.99 f
  AES_Sbox/p49/U17126/ZN (OAI22_X1)                       0.04      0.05       1.05 r
  AES_Sbox/p49/n9188 (net)                      1                   0.00       1.05 r
  AES_Sbox/p49/U3307/ZN (XNOR2_X1)                        0.03      0.07       1.12 r
  AES_Sbox/p49/n196 (net)                       2                   0.00       1.12 r
  AES_Sbox/p49/U3308/ZN (INV_X1)                          0.01      0.03       1.15 f
  AES_Sbox/p49/n9186 (net)                      1                   0.00       1.15 f
  AES_Sbox/p49/U19070/ZN (OAI22_X1)                       0.05      0.05       1.20 r
  AES_Sbox/p49/n9184 (net)                      2                   0.00       1.20 r
  AES_Sbox/p49/U18954/ZN (INV_X1)                         0.01      0.03       1.23 f
  AES_Sbox/p49/n19285 (net)                     1                   0.00       1.23 f
  AES_Sbox/p49/U19040/ZN (OAI22_X1)                       0.04      0.06       1.29 r
  AES_Sbox/p49/n9181 (net)                      1                   0.00       1.29 r
  AES_Sbox/p49/U10208/Z (XOR2_X1)                         0.04      0.09       1.38 r
  AES_Sbox/p49/n9179 (net)                      2                   0.00       1.38 r
  AES_Sbox/p49/U19278/ZN (INV_X1)                         0.01      0.03       1.40 f
  AES_Sbox/p49/n19284 (net)                     1                   0.00       1.40 f
  AES_Sbox/p49/U19277/ZN (OAI22_X1)                       0.04      0.06       1.47 r
  AES_Sbox/p49/n9177 (net)                      2                   0.00       1.47 r
  AES_Sbox/p49/U19144/ZN (INV_X1)                         0.01      0.03       1.50 f
  AES_Sbox/p49/n19283 (net)                     1                   0.00       1.50 f
  AES_Sbox/p49/U19120/ZN (AOI22_X1)                       0.04      0.06       1.56 r
  AES_Sbox/p49/n9174 (net)                      2                   0.00       1.56 r
  AES_Sbox/p49/U19119/ZN (INV_X1)                         0.01      0.03       1.59 f
  AES_Sbox/p49/n19282 (net)                     1                   0.00       1.59 f
  AES_Sbox/p49/U19118/ZN (OAI22_X1)                       0.04      0.05       1.64 r
  AES_Sbox/p49/n9173 (net)                      1                   0.00       1.64 r
  AES_Sbox/p49/U3530/ZN (XNOR2_X1)                        0.04      0.07       1.71 r
  AES_Sbox/p49/n205 (net)                       1                   0.00       1.71 r
  AES_Sbox/p49/U3529/ZN (XNOR2_X1)                        0.03      0.07       1.78 r
  AES_Sbox/p49/n9170 (net)                      1                   0.00       1.78 r
  AES_Sbox/p49/U10203/Z (XOR2_X1)                         0.03      0.08       1.86 r
  AES_Sbox/p49/n9168 (net)                      1                   0.00       1.86 r
  AES_Sbox/p49/U10202/Z (XOR2_X1)                         0.03      0.08       1.94 r
  AES_Sbox/p49/n9167 (net)                      1                   0.00       1.94 r
  AES_Sbox/p49/U10201/Z (XOR2_X1)                         0.03      0.08       2.02 r
  AES_Sbox/p49/n9165 (net)                      1                   0.00       2.02 r
  AES_Sbox/p49/U797/ZN (XNOR2_X1)                         0.03      0.07       2.09 r
  AES_Sbox/p49/n90 (net)                        1                   0.00       2.09 r
  AES_Sbox/p49/U796/ZN (XNOR2_X1)                         0.03      0.07       2.16 r
  AES_Sbox/p49/n9161 (net)                      2                   0.00       2.16 r
  AES_Sbox/p49/U19296/ZN (INV_X1)                         0.01      0.03       2.19 f
  AES_Sbox/p49/n19159 (net)                     1                   0.00       2.19 f
  AES_Sbox/p49/U19295/ZN (AOI22_X1)                       0.04      0.06       2.25 r
  AES_Sbox/p49/n9156 (net)                      2                   0.00       2.25 r
  AES_Sbox/p49/U19273/ZN (INV_X1)                         0.01      0.03       2.28 f
  AES_Sbox/p49/n19158 (net)                     1                   0.00       2.28 f
  AES_Sbox/p49/U19272/ZN (AOI22_X1)                       0.04      0.07       2.35 r
  AES_Sbox/p49/n9153 (net)                      2                   0.00       2.35 r
  AES_Sbox/p49/U19057/ZN (INV_X1)                         0.01      0.03       2.38 f
  AES_Sbox/p49/n19157 (net)                     1                   0.00       2.38 f
  AES_Sbox/p49/U19056/ZN (AOI22_X1)                       0.04      0.07       2.45 r
  AES_Sbox/p49/n9152 (net)                      2                   0.00       2.45 r
  AES_Sbox/p49/U19063/ZN (INV_X1)                         0.01      0.03       2.48 f
  AES_Sbox/p49/n19156 (net)                     1                   0.00       2.48 f
  AES_Sbox/p49/U19158/ZN (OAI22_X1)                       0.04      0.06       2.53 r
  AES_Sbox/p49/n9151 (net)                      1                   0.00       2.53 r
  AES_Sbox/p49/U10195/Z (XOR2_X1)                         0.04      0.09       2.62 r
  AES_Sbox/p49/n9149 (net)                      2                   0.00       2.62 r
  AES_Sbox/p49/U19105/ZN (INV_X1)                         0.01      0.03       2.65 f
  AES_Sbox/p49/n19155 (net)                     1                   0.00       2.65 f
  AES_Sbox/p49/U19314/ZN (AOI22_X1)                       0.04      0.06       2.71 r
  AES_Sbox/p49/n9145 (net)                      2                   0.00       2.71 r
  AES_Sbox/p49/U19313/ZN (INV_X1)                         0.01      0.03       2.74 f
  AES_Sbox/p49/n19154 (net)                     1                   0.00       2.74 f
  AES_Sbox/p49/U19312/ZN (OAI22_X1)                       0.04      0.06       2.80 r
  AES_Sbox/p49/n9143 (net)                      2                   0.00       2.80 r
  AES_Sbox/p49/U19254/ZN (INV_X1)                         0.01      0.03       2.83 f
  AES_Sbox/p49/n19153 (net)                     1                   0.00       2.83 f
  AES_Sbox/p49/U19324/ZN (AOI22_X1)                       0.04      0.06       2.89 r
  AES_Sbox/p49/n9139 (net)                      2                   0.00       2.89 r
  AES_Sbox/p49/U19323/ZN (INV_X1)                         0.01      0.03       2.92 f
  AES_Sbox/p49/n19152 (net)                     1                   0.00       2.92 f
  AES_Sbox/p49/U19320/ZN (OAI22_X1)                       0.05      0.07       2.98 r
  AES_Sbox/p49/n9137 (net)                      2                   0.00       2.98 r
  AES_Sbox/p49/U19319/ZN (INV_X1)                         0.01      0.03       3.01 f
  AES_Sbox/p49/n19151 (net)                     1                   0.00       3.01 f
  AES_Sbox/p49/U19318/ZN (OAI22_X1)                       0.05      0.06       3.07 r
  AES_Sbox/p49/n9134 (net)                      2                   0.00       3.07 r
  AES_Sbox/p49/U19280/ZN (INV_X1)                         0.01      0.03       3.09 f
  AES_Sbox/p49/n19150 (net)                     1                   0.00       3.09 f
  AES_Sbox/p49/U19279/ZN (OAI22_X1)                       0.05      0.06       3.15 r
  AES_Sbox/p49/n9131 (net)                      2                   0.00       3.15 r
  AES_Sbox/p49/U16201/ZN (INV_X1)                         0.01      0.03       3.18 f
  AES_Sbox/p49/n19149 (net)                     1                   0.00       3.18 f
  AES_Sbox/p49/U19048/ZN (OAI22_X1)                       0.04      0.06       3.23 r
  AES_Sbox/p49/n9128 (net)                      2                   0.00       3.23 r
  AES_Sbox/p49/U19047/ZN (INV_X1)                         0.01      0.03       3.26 f
  AES_Sbox/p49/n19148 (net)                     1                   0.00       3.26 f
  AES_Sbox/p49/U19326/ZN (AOI22_X1)                       0.04      0.06       3.32 r
  AES_Sbox/p49/n9124 (net)                      2                   0.00       3.32 r
  AES_Sbox/p49/U19325/ZN (INV_X1)                         0.01      0.03       3.35 f
  AES_Sbox/p49/n19147 (net)                     1                   0.00       3.35 f
  AES_Sbox/p49/U19311/ZN (OAI22_X1)                       0.05      0.07       3.42 r
  AES_Sbox/p49/n9121 (net)                      2                   0.00       3.42 r
  AES_Sbox/p49/U19310/ZN (INV_X1)                         0.01      0.03       3.44 f
  AES_Sbox/p49/n19146 (net)                     1                   0.00       3.44 f
  AES_Sbox/p49/U19309/ZN (OAI22_X1)                       0.04      0.06       3.50 r
  AES_Sbox/p49/n9118 (net)                      2                   0.00       3.50 r
  AES_Sbox/p49/U19274/ZN (INV_X1)                         0.01      0.03       3.53 f
  AES_Sbox/p49/n19145 (net)                     1                   0.00       3.53 f
  AES_Sbox/p49/U17027/ZN (AOI22_X1)                       0.04      0.06       3.59 r
  AES_Sbox/p49/n9114 (net)                      2                   0.00       3.59 r
  AES_Sbox/p49/U17005/ZN (INV_X1)                         0.01      0.03       3.61 f
  AES_Sbox/p49/n19144 (net)                     1                   0.00       3.61 f
  AES_Sbox/p49/U17977/ZN (AOI22_X1)                       0.04      0.07       3.69 r
  AES_Sbox/p49/n9111 (net)                      2                   0.00       3.69 r
  AES_Sbox/p49/U17976/ZN (INV_X1)                         0.01      0.03       3.71 f
  AES_Sbox/p49/n19143 (net)                     1                   0.00       3.71 f
  AES_Sbox/p49/U19302/ZN (AOI22_X1)                       0.04      0.07       3.79 r
  AES_Sbox/p49/n9108 (net)                      2                   0.00       3.79 r
  AES_Sbox/p49/U19301/ZN (INV_X1)                         0.01      0.03       3.81 f
  AES_Sbox/p49/n19142 (net)                     1                   0.00       3.81 f
  AES_Sbox/p49/U19300/ZN (AOI22_X1)                       0.04      0.07       3.89 r
  AES_Sbox/p49/n9107 (net)                      2                   0.00       3.89 r
  AES_Sbox/p49/U18939/ZN (INV_X1)                         0.01      0.03       3.91 f
  AES_Sbox/p49/n19141 (net)                     1                   0.00       3.91 f
  AES_Sbox/p49/U18938/ZN (OAI22_X1)                       0.04      0.06       3.97 r
  AES_Sbox/p49/n9106 (net)                      1                   0.00       3.97 r
  AES_Sbox/p49/U10181/Z (XOR2_X1)                         0.04      0.09       4.06 r
  AES_Sbox/p49/n9104 (net)                      2                   0.00       4.06 r
  AES_Sbox/p49/U18952/ZN (INV_X1)                         0.01      0.03       4.09 f
  AES_Sbox/p49/n19140 (net)                     1                   0.00       4.09 f
  AES_Sbox/p49/U19053/ZN (AOI22_X1)                       0.04      0.06       4.15 r
  AES_Sbox/p49/n9099 (net)                      2                   0.00       4.15 r
  AES_Sbox/p49/U19304/ZN (INV_X1)                         0.01      0.03       4.18 f
  AES_Sbox/p49/n19139 (net)                     1                   0.00       4.18 f
  AES_Sbox/p49/U19303/ZN (AOI22_X1)                       0.04      0.07       4.25 r
  AES_Sbox/p49/n9097 (net)                      2                   0.00       4.25 r
  AES_Sbox/p49/U19042/ZN (INV_X1)                         0.01      0.03       4.28 f
  AES_Sbox/p49/n19138 (net)                     1                   0.00       4.28 f
  AES_Sbox/p49/U19055/ZN (OAI22_X1)                       0.04      0.05       4.33 r
  AES_Sbox/p49/n9095 (net)                      1                   0.00       4.33 r
  AES_Sbox/p49/U10178/Z (XOR2_X1)                         0.03      0.08       4.41 r
  AES_Sbox/p49/n9094 (net)                      1                   0.00       4.41 r
  AES_Sbox/p49/U3933/ZN (XNOR2_X1)                        0.03      0.07       4.47 r
  AES_Sbox/p49/n261 (net)                       1                   0.00       4.47 r
  AES_Sbox/p49/U3932/ZN (XNOR2_X1)                        0.03      0.07       4.54 r
  AES_Sbox/p49/n9090 (net)                      1                   0.00       4.54 r
  AES_Sbox/p49/U10174/Z (XOR2_X1)                         0.03      0.08       4.62 r
  AES_Sbox/p49/n9089 (net)                      1                   0.00       4.62 r
  AES_Sbox/p49/U10173/Z (XOR2_X1)                         0.04      0.09       4.71 r
  AES_Sbox/p49/n9085 (net)                      2                   0.00       4.71 r
  AES_Sbox/p49/U19269/ZN (INV_X1)                         0.01      0.03       4.73 f
  AES_Sbox/p49/n18937 (net)                     1                   0.00       4.73 f
  AES_Sbox/p49/U19268/ZN (OAI22_X1)                       0.04      0.06       4.79 r
  AES_Sbox/p49/n9081 (net)                      1                   0.00       4.79 r
  AES_Sbox/p49/U16430/ZN (XNOR2_X1)                       0.03      0.07       4.86 r
  AES_Sbox/p49/n9079 (net)                      2                   0.00       4.86 r
  AES_Sbox/p49/U10171/ZN (NAND3_X1)                       0.02      0.04       4.91 f
  AES_Sbox/p49/n9080 (net)                      1                   0.00       4.91 f
  AES_Sbox/p49/U19289/ZN (OAI21_X1)                       0.03      0.04       4.95 r
  AES_Sbox/p49/n9076 (net)                      2                   0.00       4.95 r
  AES_Sbox/p49/U19291/ZN (INV_X1)                         0.01      0.03       4.98 f
  AES_Sbox/p49/n18936 (net)                     1                   0.00       4.98 f
  AES_Sbox/p49/U19290/ZN (AOI22_X1)                       0.03      0.05       5.03 r
  AES_Sbox/p49/n9074 (net)                      1                   0.00       5.03 r
  AES_Sbox/p49/U18927/ZN (XNOR2_X1)                       0.03      0.07       5.10 r
  AES_Sbox/p49/n9071 (net)                      2                   0.00       5.10 r
  AES_Sbox/p49/U10170/ZN (NAND3_X1)                       0.02      0.04       5.14 f
  AES_Sbox/p49/n9072 (net)                      1                   0.00       5.14 f
  AES_Sbox/p49/U19263/ZN (OAI21_X1)                       0.03      0.04       5.19 r
  AES_Sbox/p49/n9069 (net)                      1                   0.00       5.19 r
  AES_Sbox/p49/U3958/ZN (XNOR2_X1)                        0.03      0.07       5.25 r
  AES_Sbox/p49/n270 (net)                       1                   0.00       5.25 r
  AES_Sbox/p49/U3957/ZN (XNOR2_X1)                        0.03      0.07       5.32 r
  AES_Sbox/p49/n9058 (net)                      1                   0.00       5.32 r
  AES_Sbox/p49/U10163/Z (XOR2_X1)                         0.03      0.08       5.40 r
  AES_Sbox/p49/n9057 (net)                      1                   0.00       5.40 r
  AES_Sbox/p49/U10162/Z (XOR2_X1)                         0.03      0.08       5.47 r
  AES_Sbox/p49/n9055 (net)                      1                   0.00       5.47 r
  AES_Sbox/p49/U10160/Z (XOR2_X1)                         0.03      0.08       5.55 r
  AES_Sbox/p49/n9050 (net)                      1                   0.00       5.55 r
  AES_Sbox/p49/U10156/Z (XOR2_X1)                         0.03      0.08       5.63 r
  AES_Sbox/p49/n9049 (net)                      1                   0.00       5.63 r
  AES_Sbox/p49/U992/ZN (XNOR2_X1)                         0.03      0.07       5.70 r
  AES_Sbox/p49/n141 (net)                       1                   0.00       5.70 r
  AES_Sbox/p49/U991/ZN (XNOR2_X1)                         0.03      0.07       5.76 r
  AES_Sbox/p49/n9038 (net)                      1                   0.00       5.76 r
  AES_Sbox/p49/U10150/Z (XOR2_X1)                         0.03      0.08       5.84 r
  AES_Sbox/p49/n9037 (net)                      1                   0.00       5.84 r
  AES_Sbox/p49/U19142/ZN (XNOR2_X1)                       0.03      0.07       5.91 r
  AES_Sbox/p49/n9035 (net)                      1                   0.00       5.91 r
  AES_Sbox/p49/U10149/Z (XOR2_X1)                         0.04      0.09       6.00 r
  AES_Sbox/p49/n9031 (net)                      2                   0.00       6.00 r
  AES_Sbox/p49/U19265/ZN (INV_X1)                         0.01      0.03       6.02 f
  AES_Sbox/p49/n18935 (net)                     1                   0.00       6.02 f
  AES_Sbox/p49/U19264/ZN (OAI22_X1)                       0.04      0.06       6.09 r
  AES_Sbox/p49/n9030 (net)                      1                   0.00       6.09 r
  AES_Sbox/p49/U3845/ZN (XNOR2_X1)                        0.03      0.07       6.16 r
  AES_Sbox/p49/n251 (net)                       1                   0.00       6.16 r
  AES_Sbox/p49/U3844/ZN (XNOR2_X1)                        0.03      0.07       6.23 r
  AES_Sbox/p49/n9028 (net)                      1                   0.00       6.23 r
  AES_Sbox/p49/U10146/Z (XOR2_X1)                         0.03      0.08       6.31 r
  AES_Sbox/p49/n9026 (net)                      1                   0.00       6.31 r
  AES_Sbox/p49/U10145/Z (XOR2_X1)                         0.03      0.08       6.39 r
  AES_Sbox/p49/n9024 (net)                      1                   0.00       6.39 r
  AES_Sbox/p49/U10144/Z (XOR2_X1)                         0.03      0.08       6.47 r
  AES_Sbox/p49/n9022 (net)                      1                   0.00       6.47 r
  AES_Sbox/p49/U10143/Z (XOR2_X1)                         0.03      0.08       6.55 r
  AES_Sbox/p49/n9020 (net)                      1                   0.00       6.55 r
  AES_Sbox/p49/U19116/ZN (XNOR2_X1)                       0.03      0.07       6.61 r
  AES_Sbox/p49/n9018 (net)                      1                   0.00       6.61 r
  AES_Sbox/p49/U10142/Z (XOR2_X1)                         0.03      0.08       6.69 r
  AES_Sbox/p49/n9016 (net)                      1                   0.00       6.69 r
  AES_Sbox/p49/U800/ZN (XNOR2_X1)                         0.03      0.07       6.76 r
  AES_Sbox/p49/n91 (net)                        1                   0.00       6.76 r
  AES_Sbox/p49/U799/ZN (XNOR2_X1)                         0.03      0.07       6.83 r
  AES_Sbox/p49/n9010 (net)                      1                   0.00       6.83 r
  AES_Sbox/p49/U10138/Z (XOR2_X1)                         0.04      0.09       6.91 r
  AES_Sbox/p49/n9008 (net)                      2                   0.00       6.91 r
  AES_Sbox/p49/U19306/ZN (INV_X1)                         0.01      0.03       6.94 f
  AES_Sbox/p49/n8003 (net)                      1                   0.00       6.94 f
  AES_Sbox/p49/U19305/ZN (AOI22_X1)                       0.04      0.06       7.00 r
  AES_Sbox/p49/n9004 (net)                      2                   0.00       7.00 r
  AES_Sbox/p49/U18934/ZN (INV_X1)                         0.01      0.03       7.03 f
  AES_Sbox/p49/n7872 (net)                      1                   0.00       7.03 f
  AES_Sbox/p49/U18933/ZN (OAI22_X1)                       0.04      0.05       7.08 r
  AES_Sbox/p49/n9002 (net)                      1                   0.00       7.08 r
  AES_Sbox/p49/U10136/Z (XOR2_X1)                         0.03      0.08       7.16 r
  AES_Sbox/p49/n8999 (net)                      1                   0.00       7.16 r
  AES_Sbox/p49/U10134/Z (XOR2_X1)                         0.03      0.08       7.24 r
  AES_Sbox/p49/n8993 (net)                      1                   0.00       7.24 r
  AES_Sbox/p49/U942/ZN (XNOR2_X1)                         0.03      0.07       7.31 r
  AES_Sbox/p49/n120 (net)                       1                   0.00       7.31 r
  AES_Sbox/p49/U941/ZN (XNOR2_X1)                         0.03      0.07       7.37 r
  AES_Sbox/p49/n8987 (net)                      1                   0.00       7.37 r
  AES_Sbox/p49/U10128/Z (XOR2_X1)                         0.03      0.08       7.45 r
  AES_Sbox/p49/n8986 (net)                      1                   0.00       7.45 r
  AES_Sbox/p49/U10127/Z (XOR2_X1)                         0.03      0.08       7.53 r
  AES_Sbox/p49/n8984 (net)                      1                   0.00       7.53 r
  AES_Sbox/p49/U10126/Z (XOR2_X1)                         0.04      0.09       7.62 r
  AES_Sbox/p49/n8979 (net)                      2                   0.00       7.62 r
  AES_Sbox/p49/U19259/ZN (INV_X1)                         0.01      0.03       7.65 f
  AES_Sbox/p49/n7867 (net)                      1                   0.00       7.65 f
  AES_Sbox/p49/U19145/ZN (OAI22_X1)                       0.04      0.06       7.71 r
  AES_Sbox/p49/n8978 (net)                      1                   0.00       7.71 r
  AES_Sbox/p49/U645/ZN (XNOR2_X1)                         0.03      0.07       7.78 r
  AES_Sbox/p49/n50 (net)                        1                   0.00       7.78 r
  AES_Sbox/p49/U644/ZN (XNOR2_X1)                         0.03      0.07       7.85 r
  AES_Sbox/p49/n8975 (net)                      1                   0.00       7.85 r
  AES_Sbox/p49/U10123/Z (XOR2_X1)                         0.03      0.08       7.93 r
  AES_Sbox/p49/n8973 (net)                      1                   0.00       7.93 r
  AES_Sbox/p49/U695/ZN (XNOR2_X1)                         0.03      0.07       8.00 r
  AES_Sbox/p49/n62 (net)                        1                   0.00       8.00 r
  AES_Sbox/p49/U694/ZN (XNOR2_X1)                         0.03      0.07       8.07 r
  AES_Sbox/p49/n8967 (net)                      2                   0.00       8.07 r
  AES_Sbox/p49/U19062/ZN (INV_X1)                         0.01      0.03       8.10 f
  AES_Sbox/p49/n7848 (net)                      1                   0.00       8.10 f
  AES_Sbox/p49/U19061/ZN (OAI22_X1)                       0.04      0.06       8.16 r
  AES_Sbox/p49/n8966 (net)                      1                   0.00       8.16 r
  AES_Sbox/p49/U16545/ZN (XNOR2_X1)                       0.03      0.07       8.23 r
  AES_Sbox/p49/n8965 (net)                      1                   0.00       8.23 r
  AES_Sbox/p49/U3341/ZN (XNOR2_X1)                        0.03      0.07       8.30 r
  AES_Sbox/p49/n201 (net)                       2                   0.00       8.30 r
  AES_Sbox/p49/U3342/ZN (INV_X1)                          0.01      0.03       8.33 f
  AES_Sbox/p49/n8961 (net)                      1                   0.00       8.33 f
  AES_Sbox/p49/U18944/ZN (OAI22_X1)                       0.04      0.05       8.38 r
  AES_Sbox/p49/n8959 (net)                      2                   0.00       8.38 r
  AES_Sbox/p49/U10630/ZN (INV_X1)                         0.01      0.03       8.41 f
  AES_Sbox/p49/n7528 (net)                      1                   0.00       8.41 f
  AES_Sbox/p49/U19137/ZN (AOI22_X1)                       0.04      0.06       8.48 r
  AES_Sbox/p49/n8956 (net)                      2                   0.00       8.48 r
  AES_Sbox/p49/U19136/ZN (INV_X1)                         0.01      0.03       8.50 f
  AES_Sbox/p49/n7509 (net)                      1                   0.00       8.50 f
  AES_Sbox/p49/U19135/ZN (OAI22_X1)                       0.04      0.06       8.57 r
  AES_Sbox/p49/n8953 (net)                      2                   0.00       8.57 r
  AES_Sbox/p49/U18956/ZN (INV_X1)                         0.01      0.03       8.59 f
  AES_Sbox/p49/n7494 (net)                      1                   0.00       8.59 f
  AES_Sbox/p49/U19138/ZN (OAI22_X1)                       0.04      0.06       8.65 r
  AES_Sbox/p49/n8952 (net)                      1                   0.00       8.65 r
  AES_Sbox/p49/U10118/Z (XOR2_X1)                         0.04      0.09       8.74 r
  AES_Sbox/p49/n8949 (net)                      2                   0.00       8.74 r
  AES_Sbox/p49/U19257/ZN (INV_X1)                         0.01      0.03       8.77 f
  AES_Sbox/p49/n7474 (net)                      1                   0.00       8.77 f
  AES_Sbox/p49/U19065/ZN (OAI22_X1)                       0.04      0.06       8.83 r
  AES_Sbox/p49/n8947 (net)                      2                   0.00       8.83 r
  AES_Sbox/p49/U19064/ZN (INV_X1)                         0.01      0.03       8.86 f
  AES_Sbox/p49/n7464 (net)                      1                   0.00       8.86 f
  AES_Sbox/p49/U19157/ZN (AOI22_X1)                       0.04      0.06       8.92 r
  AES_Sbox/p49/n8944 (net)                      2                   0.00       8.92 r
  AES_Sbox/p49/U19156/ZN (INV_X1)                         0.01      0.03       8.95 f
  AES_Sbox/p49/n7451 (net)                      1                   0.00       8.95 f
  AES_Sbox/p49/U19338/ZN (OAI22_X1)                       0.04      0.06       9.01 r
  AES_Sbox/p49/n8943 (net)                      2                   0.00       9.01 r
  AES_Sbox/p49/U19337/ZN (INV_X1)                         0.01      0.03       9.04 f
  AES_Sbox/p49/n7407 (net)                      1                   0.00       9.04 f
  AES_Sbox/p49/U19336/ZN (OAI22_X1)                       0.04      0.07       9.11 r
  AES_Sbox/p49/n8942 (net)                      2                   0.00       9.11 r
  AES_Sbox/p49/U19335/ZN (INV_X1)                         0.01      0.03       9.14 f
  AES_Sbox/p49/n7353 (net)                      1                   0.00       9.14 f
  AES_Sbox/p49/U19334/ZN (OAI22_X1)                       0.04      0.07       9.21 r
  AES_Sbox/p49/n8941 (net)                      2                   0.00       9.21 r
  AES_Sbox/p49/U19262/ZN (INV_X1)                         0.01      0.03       9.24 f
  AES_Sbox/p49/n7348 (net)                      1                   0.00       9.24 f
  AES_Sbox/p49/U19132/ZN (OAI22_X1)                       0.04      0.07       9.31 r
  AES_Sbox/p49/n8940 (net)                      2                   0.00       9.31 r
  AES_Sbox/p49/U19113/ZN (INV_X1)                         0.01      0.03       9.34 f
  AES_Sbox/p49/n7336 (net)                      1                   0.00       9.34 f
  AES_Sbox/p49/U19124/ZN (OAI22_X1)                       0.04      0.07       9.42 r
  AES_Sbox/p49/n8939 (net)                      2                   0.00       9.42 r
  AES_Sbox/p49/U19123/ZN (INV_X1)                         0.01      0.03       9.44 f
  AES_Sbox/p49/n7319 (net)                      1                   0.00       9.44 f
  AES_Sbox/p49/U19122/ZN (OAI22_X1)                       0.04      0.07       9.52 r
  AES_Sbox/p49/n8938 (net)                      2                   0.00       9.52 r
  AES_Sbox/p49/U19050/ZN (INV_X1)                         0.01      0.03       9.54 f
  AES_Sbox/p49/n7268 (net)                      1                   0.00       9.54 f
  AES_Sbox/p49/U19049/ZN (OAI22_X1)                       0.04      0.07       9.62 r
  AES_Sbox/p49/n8937 (net)                      2                   0.00       9.62 r
  AES_Sbox/p49/U17861/ZN (INV_X1)                         0.01      0.03       9.65 f
  AES_Sbox/p49/n7214 (net)                      1                   0.00       9.65 f
  AES_Sbox/p49/U17836/ZN (OAI22_X1)                       0.04      0.06       9.71 r
  AES_Sbox/p49/n8936 (net)                      1                   0.00       9.71 r
  AES_Sbox/p49/U10116/Z (XOR2_X1)                         0.04      0.09       9.80 r
  AES_Sbox/p49/n8935 (net)                      2                   0.00       9.80 r
  AES_Sbox/p49/U19148/ZN (INV_X1)                         0.01      0.03       9.82 f
  AES_Sbox/p49/n7198 (net)                      1                   0.00       9.82 f
  AES_Sbox/p49/U19147/ZN (OAI22_X1)                       0.04      0.07       9.90 r
  AES_Sbox/p49/n8934 (net)                      2                   0.00       9.90 r
  AES_Sbox/p49/U19131/ZN (INV_X1)                         0.01      0.03       9.93 f
  AES_Sbox/p49/n7193 (net)                      1                   0.00       9.93 f
  AES_Sbox/p49/U19130/ZN (OAI22_X1)                       0.04      0.07      10.00 r
  AES_Sbox/p49/n8933 (net)                      2                   0.00      10.00 r
  AES_Sbox/p49/U18948/ZN (INV_X1)                         0.01      0.03      10.03 f
  AES_Sbox/p49/n7166 (net)                      1                   0.00      10.03 f
  AES_Sbox/p49/U18947/ZN (OAI22_X1)                       0.04      0.07      10.10 r
  AES_Sbox/p49/n8932 (net)                      2                   0.00      10.10 r
  AES_Sbox/p49/U17970/ZN (INV_X1)                         0.01      0.03      10.13 f
  AES_Sbox/p49/n7143 (net)                      1                   0.00      10.13 f
  AES_Sbox/p49/U18940/ZN (OAI22_X1)                       0.04      0.06      10.19 r
  AES_Sbox/p49/n8931 (net)                      1                   0.00      10.19 r
  AES_Sbox/p49/U10115/Z (XOR2_X1)                         0.04      0.09      10.28 r
  AES_Sbox/p49/n8930 (net)                      2                   0.00      10.28 r
  AES_Sbox/p49/U19256/ZN (INV_X1)                         0.01      0.03      10.31 f
  AES_Sbox/p49/n7094 (net)                      1                   0.00      10.31 f
  AES_Sbox/p49/U19149/ZN (OAI22_X1)                       0.04      0.06      10.37 r
  AES_Sbox/p49/n8929 (net)                      2                   0.00      10.37 r
  AES_Sbox/p49/U19111/ZN (INV_X1)                         0.01      0.03      10.40 f
  AES_Sbox/p49/n7088 (net)                      1                   0.00      10.40 f
  AES_Sbox/p49/U19108/ZN (OAI22_X1)                       0.04      0.07      10.47 r
  AES_Sbox/p49/n8928 (net)                      2                   0.00      10.47 r
  AES_Sbox/p49/U19107/ZN (INV_X1)                         0.01      0.03      10.50 f
  AES_Sbox/p49/n7070 (net)                      1                   0.00      10.50 f
  AES_Sbox/p49/U19106/ZN (OAI22_X1)                       0.04      0.07      10.57 r
  AES_Sbox/p49/n8926 (net)                      2                   0.00      10.57 r
  AES_Sbox/p49/U19041/ZN (INV_X1)                         0.01      0.03      10.60 f
  AES_Sbox/p49/n7054 (net)                      1                   0.00      10.60 f
  AES_Sbox/p49/U10252/ZN (AOI22_X1)                       0.04      0.06      10.66 r
  AES_Sbox/p49/n8924 (net)                      2                   0.00      10.66 r
  AES_Sbox/p49/U10227/ZN (INV_X1)                         0.01      0.03      10.69 f
  AES_Sbox/p49/n7033 (net)                      1                   0.00      10.69 f
  AES_Sbox/p49/U12639/ZN (OAI22_X1)                       0.04      0.05      10.75 r
  AES_Sbox/p49/n8923 (net)                      1                   0.00      10.75 r
  AES_Sbox/p49/U556/ZN (XNOR2_X1)                         0.03      0.07      10.82 r
  AES_Sbox/p49/n42 (net)                        2                   0.00      10.82 r
  AES_Sbox/p49/U557/ZN (INV_X1)                           0.01      0.03      10.85 f
  AES_Sbox/p49/n8921 (net)                      1                   0.00      10.85 f
  AES_Sbox/p49/U19125/ZN (OAI22_X1)                       0.04      0.05      10.90 r
  AES_Sbox/p49/n8919 (net)                      2                   0.00      10.90 r
  AES_Sbox/p49/U17042/ZN (INV_X1)                         0.01      0.03      10.93 f
  AES_Sbox/p49/n7021 (net)                      1                   0.00      10.93 f
  AES_Sbox/p49/U17203/ZN (OAI22_X1)                       0.04      0.06      10.99 r
  AES_Sbox/p49/n8918 (net)                      1                   0.00      10.99 r
  AES_Sbox/p49/U10111/Z (XOR2_X1)                         0.04      0.09      11.07 r
  AES_Sbox/p49/n8916 (net)                      2                   0.00      11.07 r
  AES_Sbox/p49/U16517/ZN (INV_X1)                         0.01      0.03      11.10 f
  AES_Sbox/p49/n7018 (net)                      1                   0.00      11.10 f
  AES_Sbox/p49/U17990/ZN (OAI22_X1)                       0.04      0.06      11.16 r
  AES_Sbox/p49/n8915 (net)                      1                   0.00      11.16 r
  AES_Sbox/p49/U10109/Z (XOR2_X1)                         0.04      0.09      11.25 r
  AES_Sbox/p49/n8913 (net)                      2                   0.00      11.25 r
  AES_Sbox/p49/U17161/ZN (INV_X1)                         0.01      0.03      11.27 f
  AES_Sbox/p49/n6978 (net)                      1                   0.00      11.27 f
  AES_Sbox/p49/U19152/ZN (OAI22_X1)                       0.04      0.07      11.35 r
  AES_Sbox/p49/n8911 (net)                      2                   0.00      11.35 r
  AES_Sbox/p49/U19151/ZN (INV_X1)                         0.01      0.03      11.37 f
  AES_Sbox/p49/n6856 (net)                      1                   0.00      11.37 f
  AES_Sbox/p49/U19150/ZN (OAI22_X1)                       0.04      0.07      11.44 r
  AES_Sbox/p49/n8909 (net)                      2                   0.00      11.44 r
  AES_Sbox/p49/U19134/ZN (INV_X1)                         0.01      0.03      11.47 f
  AES_Sbox/p49/n6850 (net)                      1                   0.00      11.47 f
  AES_Sbox/p49/U19133/ZN (OAI22_X1)                       0.04      0.07      11.53 r
  AES_Sbox/p49/n8907 (net)                      2                   0.00      11.53 r
  AES_Sbox/p49/U18955/ZN (INV_X1)                         0.01      0.03      11.56 f
  AES_Sbox/p49/n6845 (net)                      1                   0.00      11.56 f
  AES_Sbox/p49/U19058/ZN (OAI22_X1)                       0.04      0.06      11.62 r
  AES_Sbox/p49/n8904 (net)                      1                   0.00      11.62 r
  AES_Sbox/p49/U558/ZN (XNOR2_X1)                         0.03      0.07      11.69 r
  AES_Sbox/p49/n43 (net)                        2                   0.00      11.69 r
  AES_Sbox/p49/U559/ZN (INV_X1)                           0.01      0.03      11.72 f
  AES_Sbox/p49/n8902 (net)                      1                   0.00      11.72 f
  AES_Sbox/p49/U19284/ZN (OAI22_X1)                       0.04      0.05      11.77 r
  AES_Sbox/p49/n8900 (net)                      2                   0.00      11.77 r
  AES_Sbox/p49/U18932/ZN (INV_X1)                         0.01      0.03      11.80 f
  AES_Sbox/p49/n5747 (net)                      1                   0.00      11.80 f
  AES_Sbox/p49/U18931/ZN (OAI22_X1)                       0.04      0.06      11.86 r
  AES_Sbox/p49/n8899 (net)                      1                   0.00      11.86 r
  AES_Sbox/p49/U686/ZN (XNOR2_X1)                         0.03      0.07      11.92 r
  AES_Sbox/p49/n58 (net)                        1                   0.00      11.92 r
  AES_Sbox/p49/U685/ZN (XNOR2_X1)                         0.03      0.07      12.00 r
  AES_Sbox/p49/n8895 (net)                      2                   0.00      12.00 r
  AES_Sbox/p49/U19267/ZN (INV_X1)                         0.01      0.03      12.02 f
  AES_Sbox/p49/n5740 (net)                      1                   0.00      12.02 f
  AES_Sbox/p49/U19266/ZN (OAI22_X1)                       0.04      0.06      12.09 r
  AES_Sbox/p49/n8894 (net)                      1                   0.00      12.09 r
  AES_Sbox/p49/U854/ZN (XNOR2_X1)                         0.03      0.07      12.16 r
  AES_Sbox/p49/n104 (net)                       1                   0.00      12.16 r
  AES_Sbox/p49/U853/ZN (XNOR2_X1)                         0.03      0.07      12.22 r
  AES_Sbox/p49/n8891 (net)                      1                   0.00      12.22 r
  AES_Sbox/p49/U10099/Z (XOR2_X1)                         0.03      0.08      12.30 r
  AES_Sbox/p49/n8889 (net)                      1                   0.00      12.30 r
  AES_Sbox/p49/U3795/ZN (XNOR2_X1)                        0.03      0.07      12.37 r
  AES_Sbox/p49/n239 (net)                       1                   0.00      12.37 r
  AES_Sbox/p49/U3794/ZN (XNOR2_X1)                        0.03      0.07      12.44 r
  AES_Sbox/p49/n8886 (net)                      1                   0.00      12.44 r
  AES_Sbox/p49/U10096/Z (XOR2_X1)                         0.03      0.08      12.52 r
  AES_Sbox/p49/n8884 (net)                      1                   0.00      12.52 r
  AES_Sbox/p49/U10095/Z (XOR2_X1)                         0.03      0.08      12.60 r
  AES_Sbox/p49/n8883 (net)                      1                   0.00      12.60 r
  AES_Sbox/p49/U10094/Z (XOR2_X1)                         0.03      0.08      12.68 r
  AES_Sbox/p49/n8881 (net)                      1                   0.00      12.68 r
  AES_Sbox/p49/U989/ZN (XNOR2_X1)                         0.03      0.07      12.75 r
  AES_Sbox/p49/n8879 (net)                      1                   0.00      12.75 r
  AES_Sbox/p49/U988/ZN (XNOR2_X1)                         0.03      0.07      12.81 r
  AES_Sbox/p49/n139 (net)                       1                   0.00      12.81 r
  AES_Sbox/p49/U987/ZN (XNOR2_X1)                         0.03      0.07      12.88 r
  AES_Sbox/p49/n8871 (net)                      1                   0.00      12.88 r
  AES_Sbox/p49/U10087/Z (XOR2_X1)                         0.03      0.08      12.96 r
  AES_Sbox/p49/n8870 (net)                      1                   0.00      12.96 r
  AES_Sbox/p49/U16434/ZN (XNOR2_X1)                       0.03      0.07      13.02 r
  AES_Sbox/p49/n8869 (net)                      1                   0.00      13.02 r
  AES_Sbox/p49/U10086/Z (XOR2_X1)                         0.04      0.09      13.11 r
  AES_Sbox/p49/n8865 (net)                      2                   0.00      13.11 r
  AES_Sbox/p49/U17820/ZN (INV_X1)                         0.01      0.03      13.14 f
  AES_Sbox/p49/n5739 (net)                      1                   0.00      13.14 f
  AES_Sbox/p49/U17815/ZN (OAI22_X1)                       0.04      0.06      13.20 r
  AES_Sbox/p49/n8863 (net)                      1                   0.00      13.20 r
  AES_Sbox/p49/U10085/Z (XOR2_X1)                         0.04      0.09      13.29 r
  AES_Sbox/p49/n8860 (net)                      2                   0.00      13.29 r
  AES_Sbox/p49/U17061/ZN (INV_X1)                         0.01      0.03      13.32 f
  AES_Sbox/p49/n5721 (net)                      1                   0.00      13.32 f
  AES_Sbox/p49/U17054/ZN (OAI22_X1)                       0.04      0.06      13.38 r
  AES_Sbox/p49/n8858 (net)                      1                   0.00      13.38 r
  AES_Sbox/p49/U681/Z (XOR2_X1)                           0.03      0.08      13.46 r
  AES_Sbox/p49/n57 (net)                        1                   0.00      13.46 r
  AES_Sbox/p49/U680/ZN (XNOR2_X1)                         0.03      0.07      13.53 r
  AES_Sbox/p49/n8853 (net)                      2                   0.00      13.53 r
  AES_Sbox/p49/U18943/ZN (INV_X1)                         0.01      0.03      13.56 f
  AES_Sbox/p49/n5712 (net)                      1                   0.00      13.56 f
  AES_Sbox/p49/U18951/ZN (OAI22_X1)                       0.04      0.06      13.62 r
  AES_Sbox/p49/n8851 (net)                      1                   0.00      13.62 r
  AES_Sbox/p49/U10083/Z (XOR2_X1)                         0.04      0.09      13.71 r
  AES_Sbox/p49/n8848 (net)                      2                   0.00      13.71 r
  AES_Sbox/p49/U18953/ZN (INV_X1)                         0.01      0.03      13.74 f
  AES_Sbox/p49/n5679 (net)                      1                   0.00      13.74 f
  AES_Sbox/p49/U19039/ZN (OAI22_X1)                       0.04      0.06      13.80 r
  AES_Sbox/p49/n8846 (net)                      1                   0.00      13.80 r
  AES_Sbox/p49/U10082/Z (XOR2_X1)                         0.04      0.09      13.89 r
  AES_Sbox/p49/n8843 (net)                      2                   0.00      13.89 r
  AES_Sbox/p49/U19060/ZN (INV_X1)                         0.01      0.03      13.92 f
  AES_Sbox/p49/n5651 (net)                      1                   0.00      13.92 f
  AES_Sbox/p49/U19059/ZN (OAI22_X1)                       0.04      0.06      13.98 r
  AES_Sbox/p49/n8842 (net)                      1                   0.00      13.98 r
  AES_Sbox/p49/U16544/ZN (XNOR2_X1)                       0.03      0.07      14.05 r
  AES_Sbox/p49/n8841 (net)                      1                   0.00      14.05 r
  AES_Sbox/p49/U10081/Z (XOR2_X1)                         0.03      0.08      14.13 r
  AES_Sbox/p49/n8839 (net)                      1                   0.00      14.13 r
  AES_Sbox/p49/U860/ZN (XNOR2_X1)                         0.03      0.07      14.20 r
  AES_Sbox/p49/n107 (net)                       1                   0.00      14.20 r
  AES_Sbox/p49/U859/ZN (XNOR2_X1)                         0.03      0.07      14.27 r
  AES_Sbox/p49/n8835 (net)                      1                   0.00      14.27 r
  AES_Sbox/p49/U10078/Z (XOR2_X1)                         0.03      0.08      14.35 r
  AES_Sbox/p49/n8833 (net)                      1                   0.00      14.35 r
  AES_Sbox/p49/U10077/Z (XOR2_X1)                         0.03      0.08      14.43 r
  AES_Sbox/p49/n8831 (net)                      1                   0.00      14.43 r
  AES_Sbox/p49/U10076/Z (XOR2_X1)                         0.04      0.09      14.52 r
  AES_Sbox/p49/n8828 (net)                      2                   0.00      14.52 r
  AES_Sbox/p49/U19255/ZN (INV_X1)                         0.01      0.03      14.54 f
  AES_Sbox/p49/n1490 (net)                      1                   0.00      14.54 f
  AES_Sbox/p49/U19143/ZN (OAI22_X1)                       0.04      0.06      14.61 r
  AES_Sbox/p49/n8827 (net)                      1                   0.00      14.61 r
  AES_Sbox/p49/U18937/ZN (XNOR2_X1)                       0.03      0.07      14.68 r
  AES_Sbox/p49/n8825 (net)                      1                   0.00      14.68 r
  AES_Sbox/p49/U84/Z (XOR2_X1)                            0.03      0.08      14.76 r
  AES_Sbox/p49/n8823 (net)                      1                   0.00      14.76 r
  AES_Sbox/p49/U10074/Z (XOR2_X1)                         0.04      0.09      14.85 r
  AES_Sbox/p49/n8819 (net)                      2                   0.00      14.85 r
  AES_Sbox/p49/U19308/ZN (INV_X1)                         0.01      0.03      14.87 f
  AES_Sbox/p49/n1489 (net)                      1                   0.00      14.87 f
  AES_Sbox/p49/U19307/ZN (OAI22_X1)                       0.04      0.07      14.95 r
  AES_Sbox/p49/n8817 (net)                      2                   0.00      14.95 r
  AES_Sbox/p49/U19104/ZN (INV_X1)                         0.01      0.03      14.97 f
  AES_Sbox/p49/n1488 (net)                      1                   0.00      14.97 f
  AES_Sbox/p49/U19317/ZN (AOI22_X1)                       0.04      0.06      15.03 r
  AES_Sbox/p49/n8814 (net)                      2                   0.00      15.03 r
  AES_Sbox/p49/U19316/ZN (INV_X1)                         0.01      0.03      15.06 f
  AES_Sbox/p49/n1477 (net)                      1                   0.00      15.06 f
  AES_Sbox/p49/U19315/ZN (OAI22_X1)                       0.04      0.05      15.12 r
  AES_Sbox/p49/n8811 (net)                      2                   0.00      15.12 r
  AES_Sbox/p49/U19046/ZN (INV_X1)                         0.01      0.03      15.15 f
  AES_Sbox/p49/n1476 (net)                      1                   0.00      15.15 f
  AES_Sbox/p49/U19121/ZN (AOI22_X1)                       0.04      0.06      15.21 r
  AES_Sbox/p49/n8807 (net)                      2                   0.00      15.21 r
  AES_Sbox/p49/U19276/ZN (INV_X1)                         0.01      0.03      15.23 f
  AES_Sbox/p49/n1475 (net)                      1                   0.00      15.23 f
  AES_Sbox/p49/U19275/ZN (AOI22_X1)                       0.04      0.07      15.31 r
  AES_Sbox/p49/n8805 (net)                      2                   0.00      15.31 r
  AES_Sbox/p49/U19141/ZN (INV_X1)                         0.01      0.03      15.33 f
  AES_Sbox/p49/n1474 (net)                      1                   0.00      15.33 f
  AES_Sbox/p49/U19140/ZN (OAI22_X1)                       0.04      0.05      15.38 r
  AES_Sbox/p49/n8803 (net)                      1                   0.00      15.38 r
  AES_Sbox/p49/U10070/Z (XOR2_X1)                         0.03      0.08      15.46 r
  AES_Sbox/p49/n8802 (net)                      1                   0.00      15.46 r
  AES_Sbox/p49/U10069/Z (XOR2_X1)                         0.03      0.08      15.54 r
  AES_Sbox/p49/n8800 (net)                      1                   0.00      15.54 r
  AES_Sbox/p49/U10068/Z (XOR2_X1)                         0.03      0.08      15.62 r
  AES_Sbox/p49/n8798 (net)                      1                   0.00      15.62 r
  AES_Sbox/p49/U1138/ZN (XNOR2_X1)                        0.03      0.07      15.70 r
  AES_Sbox/p49/n166 (net)                       2                   0.00      15.70 r
  AES_Sbox/p49/U1139/ZN (INV_X1)                          0.01      0.03      15.72 f
  AES_Sbox/p49/n8796 (net)                      1                   0.00      15.72 f
  AES_Sbox/p49/U19288/ZN (OAI22_X1)                       0.04      0.05      15.77 r
  AES_Sbox/p49/n8795 (net)                      1                   0.00      15.77 r
  AES_Sbox/p49/U10066/Z (XOR2_X1)                         0.03      0.08      15.85 r
  AES_Sbox/p49/n8794 (net)                      1                   0.00      15.85 r
  AES_Sbox/p49/U10065/Z (XOR2_X1)                         0.03      0.08      15.93 r
  AES_Sbox/p49/n8792 (net)                      1                   0.00      15.93 r
  AES_Sbox/p49/U10064/Z (XOR2_X1)                         0.03      0.08      16.01 r
  AES_Sbox/p49/n8790 (net)                      1                   0.00      16.01 r
  AES_Sbox/p49/U10063/Z (XOR2_X1)                         0.03      0.08      16.09 r
  AES_Sbox/p49/n8789 (net)                      1                   0.00      16.09 r
  AES_Sbox/p49/U1040/ZN (XNOR2_X1)                        0.03      0.07      16.16 r
  AES_Sbox/p49/n159 (net)                       1                   0.00      16.16 r
  AES_Sbox/p49/U1039/ZN (XNOR2_X1)                        0.03      0.07      16.23 r
  AES_Sbox/p49/n8785 (net)                      1                   0.00      16.23 r
  AES_Sbox/p49/U19102/ZN (XNOR2_X1)                       0.03      0.07      16.30 r
  AES_Sbox/p49/n8784 (net)                      1                   0.00      16.30 r
  AES_Sbox/p49/U543/ZN (XNOR2_X1)                         0.03      0.07      16.37 r
  AES_Sbox/p49/n37 (net)                        2                   0.00      16.37 r
  AES_Sbox/p49/U544/ZN (INV_X1)                           0.01      0.03      16.39 f
  AES_Sbox/p49/n8782 (net)                      1                   0.00      16.39 f
  AES_Sbox/p49/U19146/ZN (OAI22_X1)                       0.04      0.05      16.45 r
  AES_Sbox/p49/n8781 (net)                      2                   0.00      16.45 r
  AES_Sbox/p49/U19129/ZN (INV_X1)                         0.01      0.03      16.48 f
  AES_Sbox/p49/n1288 (net)                      1                   0.00      16.48 f
  AES_Sbox/p49/U19128/ZN (OAI22_X1)                       0.04      0.07      16.55 r
  AES_Sbox/p49/n8780 (net)                      2                   0.00      16.55 r
  AES_Sbox/p49/U19072/ZN (INV_X1)                         0.01      0.03      16.58 f
  AES_Sbox/p49/n1287 (net)                      1                   0.00      16.58 f
  AES_Sbox/p49/U19071/ZN (OAI22_X1)                       0.04      0.07      16.65 r
  AES_Sbox/p49/n8779 (net)                      2                   0.00      16.65 r
  AES_Sbox/p49/U17956/ZN (INV_X1)                         0.01      0.03      16.68 f
  AES_Sbox/p49/n1286 (net)                      1                   0.00      16.68 f
  AES_Sbox/p49/U17950/ZN (OAI22_X1)                       0.04      0.06      16.74 r
  AES_Sbox/p49/n8778 (net)                      1                   0.00      16.74 r
  AES_Sbox/p49/U550/ZN (XNOR2_X1)                         0.03      0.07      16.82 r
  AES_Sbox/p49/n40 (net)                        2                   0.00      16.82 r
  AES_Sbox/p49/U551/ZN (INV_X1)                           0.01      0.03      16.84 f
  AES_Sbox/p49/n8777 (net)                      1                   0.00      16.84 f
  AES_Sbox/p49/U19283/ZN (OAI22_X1)                       0.04      0.05      16.90 r
  AES_Sbox/p49/n8776 (net)                      2                   0.00      16.90 r
  AES_Sbox/p49/U19282/ZN (INV_X1)                         0.01      0.03      16.93 f
  AES_Sbox/p49/n1285 (net)                      1                   0.00      16.93 f
  AES_Sbox/p49/U19281/ZN (OAI22_X1)                       0.04      0.07      17.00 r
  AES_Sbox/p49/n8775 (net)                      2                   0.00      17.00 r
  AES_Sbox/p49/U19127/ZN (INV_X1)                         0.01      0.03      17.03 f
  AES_Sbox/p49/n1284 (net)                      1                   0.00      17.03 f
  AES_Sbox/p49/U19126/ZN (OAI22_X1)                       0.04      0.07      17.10 r
  AES_Sbox/p49/n8774 (net)                      2                   0.00      17.10 r
  AES_Sbox/p49/U19067/ZN (INV_X1)                         0.01      0.03      17.13 f
  AES_Sbox/p49/n1283 (net)                      1                   0.00      17.13 f
  AES_Sbox/p49/U19066/ZN (OAI22_X1)                       0.05      0.07      17.20 r
  AES_Sbox/p49/n8773 (net)                      2                   0.00      17.20 r
  AES_Sbox/p49/U18942/ZN (INV_X1)                         0.01      0.03      17.23 f
  AES_Sbox/p49/n1282 (net)                      1                   0.00      17.23 f
  AES_Sbox/p49/U18941/ZN (OAI22_X1)                       0.04      0.05      17.28 r
  AES_Sbox/p49/n8772 (net)                      1                   0.00      17.28 r
  AES_Sbox/p49/U17960/ZN (XNOR2_X1)                       0.03      0.07      17.35 r
  AES_Sbox/p49/n8771 (net)                      1                   0.00      17.35 r
  AES_Sbox/p49/U3305/ZN (XNOR2_X1)                        0.03      0.07      17.42 r
  AES_Sbox/p49/n195 (net)                       2                   0.00      17.42 r
  AES_Sbox/p49/U3306/ZN (INV_X1)                          0.01      0.03      17.45 f
  AES_Sbox/p49/n8770 (net)                      1                   0.00      17.45 f
  AES_Sbox/p49/U19331/ZN (OAI22_X1)                       0.04      0.05      17.50 r
  AES_Sbox/p49/n8769 (net)                      2                   0.00      17.50 r
  AES_Sbox/p49/U19330/ZN (INV_X1)                         0.01      0.03      17.53 f
  AES_Sbox/p49/n1281 (net)                      1                   0.00      17.53 f
  AES_Sbox/p49/U19329/ZN (OAI22_X1)                       0.04      0.07      17.60 r
  AES_Sbox/p49/n8768 (net)                      2                   0.00      17.60 r
  AES_Sbox/p49/U19333/ZN (INV_X1)                         0.01      0.03      17.63 f
  AES_Sbox/p49/n1280 (net)                      1                   0.00      17.63 f
  AES_Sbox/p49/U19332/ZN (OAI22_X1)                       0.04      0.07      17.70 r
  AES_Sbox/p49/n8767 (net)                      2                   0.00      17.70 r
  AES_Sbox/p49/U19286/ZN (INV_X1)                         0.01      0.03      17.73 f
  AES_Sbox/p49/n1279 (net)                      1                   0.00      17.73 f
  AES_Sbox/p49/U19285/ZN (OAI22_X1)                       0.04      0.07      17.80 r
  AES_Sbox/p49/n8766 (net)                      2                   0.00      17.80 r
  AES_Sbox/p49/U19110/ZN (INV_X1)                         0.01      0.03      17.83 f
  AES_Sbox/p49/n1278 (net)                      1                   0.00      17.83 f
  AES_Sbox/p49/U19109/ZN (OAI22_X1)                       0.04      0.07      17.90 r
  AES_Sbox/p49/n8765 (net)                      2                   0.00      17.90 r
  AES_Sbox/p49/U19044/ZN (INV_X1)                         0.01      0.03      17.93 f
  AES_Sbox/p49/n1277 (net)                      1                   0.00      17.93 f
  AES_Sbox/p49/U19043/ZN (OAI22_X1)                       0.05      0.07      18.00 r
  AES_Sbox/p49/n8764 (net)                      2                   0.00      18.00 r
  AES_Sbox/p49/U18926/ZN (INV_X1)                         0.01      0.03      18.03 f
  AES_Sbox/p49/n1276 (net)                      1                   0.00      18.03 f
  AES_Sbox/p49/U19115/ZN (AOI22_X1)                       0.03      0.06      18.10 r
  AES_Sbox/p49/n8763 (net)                      1                   0.00      18.10 r
  AES_Sbox/p49/U677/ZN (XNOR2_X1)                         0.03      0.07      18.17 r
  AES_Sbox/p49/n56 (net)                        2                   0.00      18.17 r
  AES_Sbox/p49/U678/ZN (INV_X1)                           0.01      0.03      18.20 f
  AES_Sbox/p49/n8761 (net)                      1                   0.00      18.20 f
  AES_Sbox/p49/U19139/ZN (OAI22_X1)                       0.04      0.05      18.24 r
  AES_Sbox/p49/n8760 (net)                      1                   0.00      18.24 r
  AES_Sbox/p49/U10055/Z (XOR2_X1)                         0.04      0.09      18.33 r
  AES_Sbox/p49/n8759 (net)                      2                   0.00      18.33 r
  AES_Sbox/p49/U19258/ZN (INV_X1)                         0.01      0.03      18.36 f
  AES_Sbox/p49/n1275 (net)                      1                   0.00      18.36 f
  AES_Sbox/p49/U19052/ZN (OAI22_X1)                       0.05      0.07      18.43 r
  AES_Sbox/p49/n8756 (net)                      2                   0.00      18.43 r
  AES_Sbox/p49/U19051/ZN (INV_X1)                         0.01      0.03      18.46 f
  AES_Sbox/p49/n1274 (net)                      1                   0.00      18.46 f
  AES_Sbox/p49/U19328/ZN (OAI22_X1)                       0.05      0.07      18.52 r
  AES_Sbox/p49/n8753 (net)                      2                   0.00      18.52 r
  AES_Sbox/p49/U19327/ZN (INV_X1)                         0.01      0.03      18.55 f
  AES_Sbox/p49/n1273 (net)                      1                   0.00      18.55 f
  AES_Sbox/p49/U19069/ZN (OAI22_X1)                       0.05      0.07      18.62 r
  AES_Sbox/p49/n8750 (net)                      2                   0.00      18.62 r
  AES_Sbox/p49/U19068/ZN (INV_X1)                         0.01      0.03      18.65 f
  AES_Sbox/p49/n1272 (net)                      1                   0.00      18.65 f
  AES_Sbox/p49/U18930/ZN (OAI22_X1)                       0.05      0.07      18.71 r
  AES_Sbox/p49/n8747 (net)                      2                   0.00      18.71 r
  AES_Sbox/p49/U18929/ZN (INV_X1)                         0.01      0.03      18.74 f
  AES_Sbox/p49/n1271 (net)                      1                   0.00      18.74 f
  AES_Sbox/p49/U18928/ZN (OAI22_X1)                       0.04      0.06      18.80 r
  AES_Sbox/p49/n8745 (net)                      1                   0.00      18.80 r
  AES_Sbox/p49/U3999/ZN (XNOR2_X1)                        0.03      0.07      18.87 r
  AES_Sbox/p49/n8743 (net)                      1                   0.00      18.87 r
  AES_Sbox/p49/U10053/Z (XOR2_X1)                         0.04      0.09      18.95 r
  AES_Sbox/p49/n8742 (net)                      2                   0.00      18.95 r
  AES_Sbox/p49/U17811/ZN (INV_X1)                         0.01      0.03      18.98 f
  AES_Sbox/p49/n1270 (net)                      1                   0.00      18.98 f
  AES_Sbox/p49/U17122/ZN (AOI22_X1)                       0.04      0.06      19.04 r
  AES_Sbox/p49/n8737 (net)                      2                   0.00      19.04 r
  AES_Sbox/p49/U10557/ZN (INV_X1)                         0.01      0.03      19.07 f
  AES_Sbox/p49/n1269 (net)                      1                   0.00      19.07 f
  AES_Sbox/p49/U19299/ZN (AOI22_X1)                       0.04      0.07      19.14 r
  AES_Sbox/p49/n8734 (net)                      2                   0.00      19.14 r
  AES_Sbox/p49/U19298/ZN (INV_X1)                         0.01      0.03      19.17 f
  AES_Sbox/p49/n1268 (net)                      1                   0.00      19.17 f
  AES_Sbox/p49/U19297/ZN (AOI22_X1)                       0.04      0.07      19.24 r
  AES_Sbox/p49/n8732 (net)                      2                   0.00      19.24 r
  AES_Sbox/p49/U12654/ZN (INV_X1)                         0.01      0.03      19.27 f
  AES_Sbox/p49/n1267 (net)                      1                   0.00      19.27 f
  AES_Sbox/p49/U18949/ZN (OAI22_X1)                       0.04      0.05      19.31 r
  AES_Sbox/p49/n8727 (net)                      1                   0.00      19.31 r
  AES_Sbox/p49/U3610/ZN (XNOR2_X1)                        0.03      0.07      19.39 r
  AES_Sbox/p49/n8724 (net)                      2                   0.00      19.39 r
  AES_Sbox/p49/U17975/ZN (INV_X1)                         0.01      0.03      19.41 f
  AES_Sbox/p49/n1266 (net)                      1                   0.00      19.41 f
  AES_Sbox/p49/U19038/ZN (OAI22_X1)                       0.04      0.06      19.47 r
  AES_Sbox/p49/n8723 (net)                      1                   0.00      19.47 r
  AES_Sbox/p49/U10049/Z (XOR2_X1)                         0.03      0.08      19.55 r
  AES_Sbox/p49/n8721 (net)                      1                   0.00      19.55 r
  AES_Sbox/p49/U10048/Z (XOR2_X1)                         0.03      0.08      19.63 r
  AES_Sbox/p49/n8719 (net)                      1                   0.00      19.63 r
  AES_Sbox/p49/U728/ZN (XNOR2_X1)                         0.03      0.07      19.70 r
  AES_Sbox/p49/n72 (net)                        1                   0.00      19.70 r
  AES_Sbox/p49/U727/ZN (XNOR2_X1)                         0.03      0.07      19.77 r
  AES_Sbox/p49/n8713 (net)                      2                   0.00      19.77 r
  AES_Sbox/p49/U18936/ZN (INV_X1)                         0.01      0.03      19.80 f
  AES_Sbox/p49/n1257 (net)                      1                   0.00      19.80 f
  AES_Sbox/p49/U18935/ZN (OAI22_X1)                       0.04      0.06      19.87 r
  AES_Sbox/p49/n8712 (net)                      1                   0.00      19.87 r
  AES_Sbox/p49/U10045/Z (XOR2_X1)                         0.03      0.08      19.95 r
  AES_Sbox/p49/n8710 (net)                      1                   0.00      19.95 r
  AES_Sbox/p49/U10044/Z (XOR2_X1)                         0.04      0.09      20.04 r
  AES_Sbox/p49/n8706 (net)                      2                   0.00      20.04 r
  AES_Sbox/p49/U19112/ZN (INV_X1)                         0.01      0.03      20.06 f
  AES_Sbox/p49/n1256 (net)                      1                   0.00      20.06 f
  AES_Sbox/p49/U19155/ZN (OAI22_X1)                       0.04      0.07      20.14 r
  AES_Sbox/p49/n8704 (net)                      2                   0.00      20.14 r
  AES_Sbox/p49/U19154/ZN (INV_X1)                         0.01      0.03      20.16 f
  AES_Sbox/p49/n1255 (net)                      1                   0.00      20.16 f
  AES_Sbox/p49/U19153/ZN (OAI22_X1)                       0.04      0.07      20.23 r
  AES_Sbox/p49/n8700 (net)                      2                   0.00      20.23 r
  AES_Sbox/p49/U16221/ZN (INV_X1)                         0.01      0.03      20.26 f
  AES_Sbox/p49/n1254 (net)                      1                   0.00      20.26 f
  AES_Sbox/p49/U12548/ZN (OAI22_X1)                       0.04      0.06      20.31 r
  AES_Sbox/p49/n8698 (net)                      1                   0.00      20.31 r
  AES_Sbox/p49/U10043/Z (XOR2_X1)                         0.03      0.08      20.40 r
  AES_Sbox/p49/n8697 (net)                      1                   0.00      20.40 r
  AES_Sbox/p49/U789/ZN (XNOR2_X1)                         0.03      0.07      20.46 r
  AES_Sbox/p49/n86 (net)                        1                   0.00      20.46 r
  AES_Sbox/p49/U788/ZN (XNOR2_X1)                         0.03      0.07      20.53 r
  AES_Sbox/p49/n8693 (net)                      1                   0.00      20.53 r
  AES_Sbox/p49/U10040/Z (XOR2_X1)                         0.04      0.09      20.62 r
  AES_Sbox/p49/n8689 (net)                      2                   0.00      20.62 r
  AES_Sbox/p49/U19260/ZN (INV_X1)                         0.01      0.03      20.64 f
  AES_Sbox/p49/n1253 (net)                      1                   0.00      20.64 f
  AES_Sbox/p49/U18950/ZN (OAI22_X1)                       0.04      0.06      20.70 r
  AES_Sbox/p49/n8687 (net)                      1                   0.00      20.70 r
  AES_Sbox/p49/U655/ZN (XNOR2_X1)                         0.03      0.07      20.78 r
  AES_Sbox/p49/n51 (net)                        2                   0.00      20.78 r
  AES_Sbox/p49/U656/ZN (INV_X1)                           0.01      0.03      20.80 f
  AES_Sbox/p49/n8684 (net)                      1                   0.00      20.80 f
  AES_Sbox/p49/U17962/ZN (OAI22_X1)                       0.04      0.05      20.85 r
  AES_Sbox/p49/n8682 (net)                      1                   0.00      20.85 r
  AES_Sbox/p49/U520/ZN (XNOR2_X1)                         0.03      0.07      20.92 r
  AES_Sbox/p49/n33 (net)                        2                   0.00      20.92 r
  AES_Sbox/p49/U521/ZN (INV_X1)                           0.01      0.03      20.95 f
  AES_Sbox/p49/n8679 (net)                      1                   0.00      20.95 f
  AES_Sbox/p49/U19045/ZN (OAI22_X1)                       0.05      0.06      21.01 r
  AES_Sbox/p49/n8676 (net)                      2                   0.00      21.01 r
  AES_Sbox/p49/U10648/ZN (INV_X1)                         0.01      0.03      21.03 f
  AES_Sbox/p49/n1252 (net)                      1                   0.00      21.03 f
  AES_Sbox/p49/U19287/ZN (OAI22_X1)                       0.04      0.06      21.09 r
  AES_Sbox/p49/n8674 (net)                      1                   0.00      21.09 r
  AES_Sbox/p49/U10037/Z (XOR2_X1)                         0.04      0.09      21.18 r
  AES_Sbox/p49/n8671 (net)                      2                   0.00      21.18 r
  AES_Sbox/p49/U19114/ZN (INV_X1)                         0.01      0.03      21.21 f
  AES_Sbox/p49/n1251 (net)                      1                   0.00      21.21 f
  AES_Sbox/p49/U19322/ZN (OAI22_X1)                       0.05      0.07      21.27 r
  AES_Sbox/p49/n8668 (net)                      2                   0.00      21.27 r
  AES_Sbox/p49/U19321/ZN (INV_X1)                         0.01      0.03      21.30 f
  AES_Sbox/p49/n1250 (net)                      1                   0.00      21.30 f
  AES_Sbox/p49/U19294/ZN (OAI22_X1)                       0.05      0.07      21.36 r
  AES_Sbox/p49/n8665 (net)                      2                   0.00      21.36 r
  AES_Sbox/p49/U19293/ZN (INV_X1)                         0.01      0.03      21.39 f
  AES_Sbox/p49/n1249 (net)                      1                   0.00      21.39 f
  AES_Sbox/p49/U19292/ZN (OAI22_X1)                       0.04      0.06      21.45 r
  AES_Sbox/p49/n8664 (net)                      1                   0.00      21.45 r
  AES_Sbox/p49/U16333/ZN (XNOR2_X1)                       0.03      0.07      21.52 r
  AES_Sbox/p49/n8662 (net)                      1                   0.00      21.52 r
  AES_Sbox/p49/U10036/Z (XOR2_X1)                         0.03      0.08      21.60 r
  AES_Sbox/p49/n8654 (net)                      1                   0.00      21.60 r
  AES_Sbox/p49/U944/ZN (XNOR2_X1)                         0.03      0.07      21.67 r
  AES_Sbox/p49/n121 (net)                       1                   0.00      21.67 r
  AES_Sbox/p49/U943/ZN (XNOR2_X1)                         0.03      0.07      21.73 r
  AES_Sbox/p49/n8648 (net)                      1                   0.00      21.73 r
  AES_Sbox/p49/U10030/Z (XOR2_X1)                         0.03      0.08      21.81 r
  AES_Sbox/p49/n8640 (net)                      1                   0.00      21.81 r
  AES_Sbox/p49/U10026/Z (XOR2_X1)                         0.03      0.08      21.89 r
  AES_Sbox/p49/n8638 (net)                      1                   0.00      21.89 r
  AES_Sbox/p49/U10025/Z (XOR2_X1)                         0.03      0.08      21.97 r
  AES_Sbox/p49/n8637 (net)                      1                   0.00      21.97 r
  AES_Sbox/p49/U10024/Z (XOR2_X1)                         0.03      0.08      22.04 r
  AES_Sbox/p49/n8635 (net)                      1                   0.00      22.04 r
  AES_Sbox/p49/U946/ZN (XNOR2_X1)                         0.03      0.07      22.11 r
  AES_Sbox/p49/n122 (net)                       1                   0.00      22.11 r
  AES_Sbox/p49/U945/ZN (XNOR2_X1)                         0.03      0.07      22.18 r
  AES_Sbox/p49/n8628 (net)                      1                   0.00      22.18 r
  AES_Sbox/p49/U10020/Z (XOR2_X1)                         0.03      0.08      22.26 r
  AES_Sbox/p49/n8622 (net)                      1                   0.00      22.26 r
  AES_Sbox/p49/U10017/Z (XOR2_X1)                         0.03      0.08      22.33 r
  AES_Sbox/p49/n8621 (net)                      1                   0.00      22.33 r
  AES_Sbox/p49/U10016/Z (XOR2_X1)                         0.03      0.08      22.41 r
  AES_Sbox/p49/n8620 (net)                      1                   0.00      22.41 r
  AES_Sbox/p49/U10015/Z (XOR2_X1)                         0.03      0.08      22.49 r
  AES_Sbox/p49/n8618 (net)                      1                   0.00      22.49 r
  AES_Sbox/p49/U10014/Z (XOR2_X1)                         0.03      0.08      22.57 r
  AES_Sbox/p49/n8616 (net)                      1                   0.00      22.57 r
  AES_Sbox/p49/U10013/Z (XOR2_X1)                         0.03      0.08      22.65 r
  AES_Sbox/p49/n8614 (net)                      1                   0.00      22.65 r
  AES_Sbox/p49/U948/ZN (XNOR2_X1)                         0.03      0.07      22.72 r
  AES_Sbox/p49/n123 (net)                       1                   0.00      22.72 r
  AES_Sbox/p49/U947/ZN (XNOR2_X1)                         0.03      0.07      22.78 r
  AES_Sbox/p49/n8610 (net)                      1                   0.00      22.78 r
  AES_Sbox/p49/U10008/Z (XOR2_X1)                         0.03      0.08      22.86 r
  AES_Sbox/p49/n8609 (net)                      1                   0.00      22.86 r
  AES_Sbox/p49/U10007/Z (XOR2_X1)                         0.04      0.09      22.95 r
  AES_Sbox/p49/n8606 (net)                      2                   0.00      22.95 r
  AES_Sbox/p49/U19271/ZN (INV_X1)                         0.01      0.03      22.98 f
  AES_Sbox/p49/n1248 (net)                      1                   0.00      22.98 f
  AES_Sbox/p49/U19270/ZN (OAI22_X1)                       0.04      0.05      23.03 r
  AES_Sbox/p49/n8605 (net)                      1                   0.00      23.03 r
  AES_Sbox/p49/U19054/ZN (XNOR2_X1)                       0.03      0.07      23.10 r
  AES_Sbox/p49/n8603 (net)                      1                   0.00      23.10 r
  AES_Sbox/p49/U10502/ZN (XNOR2_X1)                       0.03      0.07      23.17 r
  AES_Sbox/p49/n338 (net)                       1                   0.00      23.17 r
  AES_Sbox/p49/U10500/ZN (XNOR2_X1)                       0.03      0.07      23.24 r
  AES_Sbox/p49/n344 (net)                       1                   0.00      23.24 r
  AES_Sbox/p49/U10567/ZN (XNOR2_X1)                       0.03      0.07      23.30 r
  AES_Sbox/p49/n8597 (net)                      1                   0.00      23.30 r
  AES_Sbox/p49/U10004/Z (XOR2_X1)                         0.03      0.08      23.38 r
  AES_Sbox/p49/n8595 (net)                      1                   0.00      23.38 r
  AES_Sbox/p49/U730/ZN (XNOR2_X1)                         0.03      0.07      23.45 r
  AES_Sbox/p49/n73 (net)                        1                   0.00      23.45 r
  AES_Sbox/p49/U729/ZN (XNOR2_X1)                         0.03      0.07      23.52 r
  AES_Sbox/p49/n8589 (net)                      2                   0.00      23.52 r
  AES_Sbox/p49/U19103/ZN (INV_X1)                         0.01      0.03      23.55 f
  AES_Sbox/p49/n1247 (net)                      1                   0.00      23.55 f
  AES_Sbox/p49/U19117/ZN (OAI22_X1)                       0.04      0.06      23.61 r
  AES_Sbox/p49/n8588 (net)                      1                   0.00      23.61 r
  AES_Sbox/p49/U10001/Z (XOR2_X1)                         0.03      0.08      23.70 r
  AES_Sbox/p49/n8586 (net)                      1                   0.00      23.70 r
  AES_Sbox/p49/U10000/Z (XOR2_X1)                         0.03      0.08      23.78 r
  AES_Sbox/p49/n8584 (net)                      1                   0.00      23.78 r
  AES_Sbox/p49/U775/ZN (XNOR2_X1)                         0.03      0.07      23.84 r
  AES_Sbox/p49/n81 (net)                        1                   0.00      23.84 r
  AES_Sbox/p49/U774/ZN (XNOR2_X1)                         0.03      0.07      23.91 r
  AES_Sbox/p49/n8580 (net)                      1                   0.00      23.91 r
  AES_Sbox/p49/U9997/Z (XOR2_X1)                          0.04      0.09      24.00 r
  AES_Sbox/p49/n8576 (net)                      2                   0.00      24.00 r
  AES_Sbox/p49/U19261/ZN (INV_X1)                         0.01      0.03      24.03 f
  AES_Sbox/p49/n1246 (net)                      1                   0.00      24.03 f
  AES_Sbox/p49/U19037/ZN (OAI22_X1)                       0.04      0.06      24.08 r
  AES_Sbox/p49/n8575 (net)                      1                   0.00      24.08 r
  AES_Sbox/p49/U632/ZN (XNOR2_X1)                         0.03      0.07      24.15 r
  AES_Sbox/p49/n47 (net)                        1                   0.00      24.15 r
  AES_Sbox/p49/U631/ZN (XNOR2_X1)                         0.04      0.07      24.23 r
  AES_Sbox/p49/F51 (net)                        2                   0.00      24.23 r
  AES_Sbox/p49/F51 (x49_shares)                                     0.00      24.23 r
  AES_Sbox/sig[21] (net)                                            0.00      24.23 r
  AES_Sbox/pAff/X51 (affine)                                        0.00      24.23 r
  AES_Sbox/pAff/X51 (net)                                           0.00      24.23 r
  AES_Sbox/pAff/U65/Z (XOR2_X1)                           0.04      0.10      24.33 r
  AES_Sbox/pAff/n15 (net)                       2                   0.00      24.33 r
  AES_Sbox/pAff/U25/Z (XOR2_X1)                           0.05      0.10      24.43 r
  AES_Sbox/pAff/n9 (net)                        2                   0.00      24.43 r
  AES_Sbox/pAff/U24/Z (XOR2_X1)                           0.04      0.09      24.52 r
  AES_Sbox/pAff/F61 (net)                       2                   0.00      24.52 r
  AES_Sbox/pAff/F61 (affine)                                        0.00      24.52 r
  AES_Sbox/F61 (net)                                                0.00      24.52 r
  AES_Sbox/F61 (Sbox_shared)                                        0.00      24.52 r
  ro_Sbox[1][6] (net)                                               0.00      24.52 r
  mux_state/i_a[1][6] (Mux2_Dshare_2)                               0.00      24.52 r
  mux_state/i_a[1][6] (net)                                         0.00      24.52 r
  mux_state/mux_1/i_a[6] (Mux2_1share_7)                            0.00      24.52 r
  mux_state/mux_1/i_a[6] (net)                                      0.00      24.52 r
  mux_state/mux_1/U16/ZN (AOI22_X1)                       0.02      0.04      24.56 f
  mux_state/mux_1/n24 (net)                     1                   0.00      24.56 f
  mux_state/mux_1/U12/ZN (INV_X1)                         0.01      0.03      24.59 r
  mux_state/mux_1/o_c[6] (net)                  1                   0.00      24.59 r
  mux_state/mux_1/o_c[6] (Mux2_1share_7)                            0.00      24.59 r
  mux_state/o_c[1][6] (net)                                         0.00      24.59 r
  mux_state/o_c[1][6] (Mux2_Dshare_2)                               0.00      24.59 r
  ri_state[1][6] (net)                                              0.00      24.59 r
  State_ar/i_state[1][6] (State_Array_Dshare)                       0.00      24.59 r
  State_ar/i_state[1][6] (net)                                      0.00      24.59 r
  State_ar/state_ar_1/i_state[6] (State_Array_1share_3)             0.00      24.59 r
  State_ar/state_ar_1/i_state[6] (net)                              0.00      24.59 r
  State_ar/state_ar_1/U204/ZN (INV_X1)                    0.01      0.03      24.61 f
  State_ar/state_ar_1/n206 (net)                2                   0.00      24.61 f
  State_ar/state_ar_1/U203/ZN (OAI222_X1)                 0.05      0.06      24.68 r
  State_ar/state_ar_1/n381 (net)                1                   0.00      24.68 r
  State_ar/state_ar_1/state_regs_reg[3][3][6]/D (DFF_X1)     0.05     0.01    24.69 r
  data arrival time                                                           24.69

  clock ideal_clock1 (rise edge)                                   25.00      25.00
  clock network delay (ideal)                                       0.00      25.00
  State_ar/state_ar_1/state_regs_reg[3][3][6]/CK (DFF_X1)           0.00      25.00 r
  library setup time                                               -0.04      24.96
  data required time                                                          24.96
  ---------------------------------------------------------------------------------------------------------
  data required time                                                          24.96
  data arrival time                                                          -24.69
  ---------------------------------------------------------------------------------------------------------
  slack (MET)                                                                  0.27


1
